Fri Feb  9 15:06:47 CST 2018
variables ['DeltaG', 'DeltaH', 'P0']
Inputs:
DeltaH    (std) =        -6.12700 (        0.12740)
P0        (std) =         0.02325 (        0.00030)
DeltaG    (std) =        -8.98879 (        0.14491)
[                  1%                  ] 3916 of 310000 complete in 0.5 sec
[                  2%                  ] 7838 of 310000 complete in 1.0 sec
[-                 3%                  ] 11753 of 310000 complete in 1.5 sec
[-                 5%                  ] 15656 of 310000 complete in 2.0 sec
[--                6%                  ] 19551 of 310000 complete in 2.5 sec
[--                7%                  ] 23467 of 310000 complete in 3.0 sec
[---               8%                  ] 27376 of 310000 complete in 3.5 sec
[---              10%                  ] 31281 of 310000 complete in 4.0 sec
[----             11%                  ] 35186 of 310000 complete in 4.5 sec
[----             12%                  ] 39082 of 310000 complete in 5.0 sec
[-----            13%                  ] 42982 of 310000 complete in 5.5 sec
[-----            15%                  ] 46886 of 310000 complete in 6.0 sec
[------           16%                  ] 50785 of 310000 complete in 6.5 sec
[------           17%                  ] 54696 of 310000 complete in 7.0 sec
[-------          18%                  ] 58603 of 310000 complete in 7.5 sec
[-------          20%                  ] 62511 of 310000 complete in 8.0 sec
[--------         21%                  ] 66414 of 310000 complete in 8.5 sec
[--------         22%                  ] 70308 of 310000 complete in 9.0 sec
[---------        23%                  ] 74224 of 310000 complete in 9.5 sec
[---------        25%                  ] 78117 of 310000 complete in 10.0 sec
[----------       26%                  ] 82017 of 310000 complete in 10.5 sec
[----------       27%                  ] 85916 of 310000 complete in 11.0 sec
[-----------      28%                  ] 89818 of 310000 complete in 11.5 sec
[-----------      30%                  ] 93729 of 310000 complete in 12.0 sec
[-----------      31%                  ] 97639 of 310000 complete in 12.5 sec
[------------     32%                  ] 101540 of 310000 complete in 13.0 sec
[------------     34%                  ] 105446 of 310000 complete in 13.5 sec
[-------------    35%                  ] 109341 of 310000 complete in 14.0 sec
[-------------    36%                  ] 113237 of 310000 complete in 14.5 sec
[--------------   37%                  ] 117144 of 310000 complete in 15.0 sec
[--------------   39%                  ] 121048 of 310000 complete in 15.5 sec
[---------------  40%                  ] 124957 of 310000 complete in 16.0 sec
[---------------  41%                  ] 128864 of 310000 complete in 16.5 sec
[---------------- 42%                  ] 132757 of 310000 complete in 17.0 sec
[---------------- 44%                  ] 136647 of 310000 complete in 17.5 sec
[-----------------45%                  ] 140564 of 310000 complete in 18.0 sec
[-----------------46%                  ] 144470 of 310000 complete in 18.5 sec
[-----------------47%                  ] 148382 of 310000 complete in 19.0 sec
[-----------------49%                  ] 152286 of 310000 complete in 19.5 sec
[-----------------50%                  ] 156193 of 310000 complete in 20.0 sec
[-----------------51%                  ] 160088 of 310000 complete in 20.5 sec
[-----------------52%                  ] 163994 of 310000 complete in 21.0 sec
[-----------------54%                  ] 167888 of 310000 complete in 21.5 sec
[-----------------55%-                 ] 171776 of 310000 complete in 22.0 sec
[-----------------56%-                 ] 175672 of 310000 complete in 22.5 sec
[-----------------57%--                ] 179564 of 310000 complete in 23.0 sec
[-----------------59%--                ] 183465 of 310000 complete in 23.5 sec
[-----------------60%--                ] 187362 of 310000 complete in 24.0 sec
[-----------------61%---               ] 191262 of 310000 complete in 24.5 sec
[-----------------62%---               ] 195154 of 310000 complete in /home/tnguye46/opt/anaconda/lib/python2.7/site-packages/matplotlib/collections.py:590: FutureWarning: elementwise comparison failed; returning scalar instead, but in the future will perform elementwise comparison
  if self._edgecolors == str('face'):
25.0 sec
[-----------------64%----              ] 199047 of 310000 complete in 25.5 sec
[-----------------65%----              ] 202941 of 310000 complete in 26.0 sec
[-----------------66%-----             ] 206837 of 310000 complete in 26.5 sec
[-----------------67%-----             ] 210729 of 310000 complete in 27.0 sec
[-----------------69%------            ] 214632 of 310000 complete in 27.5 sec
[-----------------70%------            ] 218538 of 310000 complete in 28.0 sec
[-----------------71%-------           ] 222447 of 310000 complete in 28.5 sec
[-----------------73%-------           ] 226356 of 310000 complete in 29.0 sec
[-----------------74%--------          ] 230264 of 310000 complete in 29.5 sec
[-----------------75%--------          ] 234170 of 310000 complete in 30.0 sec
[-----------------76%---------         ] 238068 of 310000 complete in 30.5 sec
[-----------------78%---------         ] 241980 of 310000 complete in 31.0 sec
[-----------------79%----------        ] 245887 of 310000 complete in 31.5 sec
[-----------------80%----------        ] 249787 of 310000 complete in 32.0 sec
[-----------------81%-----------       ] 253686 of 310000 complete in 32.5 sec
[-----------------83%-----------       ] 257591 of 310000 complete in 33.0 sec
[-----------------84%------------      ] 261484 of 310000 complete in 33.5 sec
[-----------------85%------------      ] 265376 of 310000 complete in 34.0 sec
[-----------------86%-------------     ] 269290 of 310000 complete in 34.5 sec
[-----------------88%-------------     ] 273188 of 310000 complete in 35.0 sec
[-----------------89%-------------     ] 277100 of 310000 complete in 35.5 sec
[-----------------90%--------------    ] 280990 of 310000 complete in 36.0 sec
[-----------------91%--------------    ] 284890 of 310000 complete in 36.5 sec
[-----------------93%---------------   ] 288790 of 310000 complete in 37.0 sec
[-----------------94%---------------   ] 292689 of 310000 complete in 37.5 sec
[-----------------95%----------------  ] 296591 of 310000 complete in 38.0 sec
[-----------------96%----------------  ] 300478 of 310000 complete in 38.5 sec
[-----------------98%----------------- ] 304373 of 310000 complete in 39.0 sec
[-----------------99%----------------- ] 308273 of 310000 complete in 39.5 sec
[-----------------100%-----------------] 310000 of 310000 complete in 39.7 sec
Plotting DeltaH
Plotting P0
Plotting DeltaG


MCMC estimates:
DeltaH    (std) =        -6.12759 (        0.12695)
P0        (std) =         0.02325 (        0.00030)
DeltaG    (std) =        -8.99094 (        0.14142)
DONE
Fri Feb  9 15:07:34 CST 2018
