Fri Feb  9 00:46:01 CST 2018
variables ['DeltaG', 'DeltaH', 'P0']
Inputs:
DeltaH    (std) =        -9.30000 (        0.10000)
P0        (std) =         0.01075 (        0.00009)
DeltaG    (std) =        -8.34093 (        0.04558)
[                  1%                  ] 3516 of 310000 complete in 0.5 sec
[                  2%                  ] 7161 of 310000 complete in 1.0 sec
[-                 3%                  ] 10782 of 310000 complete in 1.5 sec
[-                 4%                  ] 14412 of 310000 complete in 2.0 sec
[--                5%                  ] 18036 of 310000 complete in 2.5 sec
[--                6%                  ] 21634 of 310000 complete in 3.0 sec
[---               8%                  ] 25260 of 310000 complete in 3.5 sec
[---               9%                  ] 28901 of 310000 complete in 4.0 sec
[---              10%                  ] 32494 of 310000 complete in 4.5 sec
[----             11%                  ] 36140 of 310000 complete in 5.0 sec
[----             12%                  ] 39773 of 310000 complete in 5.5 sec
[-----            14%                  ] 43402 of 310000 complete in 6.0 sec
[-----            15%                  ] 47036 of 310000 complete in 6.5 sec
[------           16%                  ] 50661 of 310000 complete in 7.0 sec
[------           17%                  ] 54305 of 310000 complete in 7.5 sec
[-------          18%                  ] 57932 of 310000 complete in 8.0 sec
[-------          19%                  ] 61564 of 310000 complete in 8.5 sec
[-------          20%                  ] 64920 of 310000 complete in 9.0 sec
[--------         22%                  ] 68554 of 310000 complete in 9.5 sec
[--------         23%                  ] 72177 of 310000 complete in 10.0 sec
[---------        24%                  ] 75821 of 310000 complete in 10.5 sec
[---------        25%                  ] 79380 of 310000 complete in 11.0 sec
[----------       26%                  ] 82944 of 310000 complete in 11.5 sec
[----------       27%                  ] 86548 of 310000 complete in 12.0 sec
[-----------      29%                  ] 90156 of 310000 complete in 12.5 sec
[-----------      30%                  ] 93772 of 310000 complete in 13.0 sec
[-----------      31%                  ] 97398 of 310000 complete in 13.5 sec
[------------     32%                  ] 101042 of 310000 complete in 14.0 sec
[------------     33%                  ] 104659 of 310000 complete in 14.5 sec
[-------------    34%                  ] 108284 of 310000 complete in 15.0 sec
[-------------    36%                  ] 111613 of 310000 complete in 15.5 sec
[--------------   37%                  ] 115248 of 310000 complete in 16.0 sec
[--------------   38%                  ] 118884 of 310000 complete in 16.5 sec
[---------------  39%                  ] 122466 of 310000 complete in 17.0 sec
[---------------  40%                  ] 126103 of 310000 complete in 17.5 sec
[---------------  41%                  ] 129747 of 310000 complete in 18.0 sec
[---------------- 43%                  ] 133377 of 310000 complete in 18.5 sec
[---------------- 44%                  ] 137022 of 310000 complete in 19.0 sec
[-----------------45%                  ] 140649 of 310000 complete in 19.5 sec
[-----------------46%                  ] 144282 of 310000 complete in 20.0 sec
[-----------------47%                  ] 147926 of 310000 complete in 20.5 sec
[-----------------48%                  ] 151561 of 310000 complete in 21.0 sec
[-----------------50%                  ] 155182 of 310000 complete in 21.5 sec
[-----------------51%                  ] 158829 of 310000 complete in 22.0 sec
[-----------------52%                  ] 162430 of 310000 complete in 22.5 sec
[-----------------53%                  ] 166064 of 310000 complete in 23.0 sec
[-----------------54%                  ] 169692 of 310000 complete in 23.5 sec
[-----------------55%-                 ] 173326 of 310000 complete in 24.0 sec
[-----------------57%-                 ] 176942 of 310000 complete in 24.5 sec
[-----------------58%--                ] 180572 of 310000 complete in 25/home/tnguye46/opt/anaconda/lib/python2.7/site-packages/matplotlib/collections.py:590: FutureWarning: elementwise comparison failed; returning scalar instead, but in the future will perform elementwise comparison
  if self._edgecolors == str('face'):
.0 sec
[-----------------59%--                ] 184202 of 310000 complete in 25.5 sec
[-----------------60%---               ] 187845 of 310000 complete in 26.0 sec
[-----------------61%---               ] 191477 of 310000 complete in 26.5 sec
[-----------------62%---               ] 195120 of 310000 complete in 27.0 sec
[-----------------64%----              ] 198731 of 310000 complete in 27.5 sec
[-----------------65%----              ] 202366 of 310000 complete in 28.0 sec
[-----------------66%-----             ] 206005 of 310000 complete in 28.5 sec
[-----------------67%-----             ] 209639 of 310000 complete in 29.0 sec
[-----------------68%------            ] 213278 of 310000 complete in 29.5 sec
[-----------------69%------            ] 216908 of 310000 complete in 30.0 sec
[-----------------71%-------           ] 220540 of 310000 complete in 30.5 sec
[-----------------72%-------           ] 223867 of 310000 complete in 31.0 sec
[-----------------73%-------           ] 227495 of 310000 complete in 31.5 sec
[-----------------74%--------          ] 231130 of 310000 complete in 32.0 sec
[-----------------75%--------          ] 234746 of 310000 complete in 32.5 sec
[-----------------76%---------         ] 238374 of 310000 complete in 33.0 sec
[-----------------78%---------         ] 242013 of 310000 complete in 33.5 sec
[-----------------79%----------        ] 245650 of 310000 complete in 34.0 sec
[-----------------80%----------        ] 249273 of 310000 complete in 34.5 sec
[-----------------81%-----------       ] 252914 of 310000 complete in 35.0 sec
[-----------------82%-----------       ] 256542 of 310000 complete in 35.5 sec
[-----------------83%-----------       ] 260181 of 310000 complete in 36.0 sec
[-----------------85%------------      ] 263823 of 310000 complete in 36.5 sec
[-----------------86%------------      ] 267458 of 310000 complete in 37.0 sec
[-----------------87%-------------     ] 271076 of 310000 complete in 37.5 sec
[-----------------88%-------------     ] 274710 of 310000 complete in 38.0 sec
[-----------------89%--------------    ] 278343 of 310000 complete in 38.5 sec
[-----------------90%--------------    ] 281800 of 310000 complete in 39.0 sec
[-----------------91%--------------    ] 285162 of 310000 complete in 39.5 sec
[-----------------93%---------------   ] 288775 of 310000 complete in 40.0 sec
[-----------------94%---------------   ] 292409 of 310000 complete in 40.5 sec
[-----------------95%----------------  ] 296037 of 310000 complete in 41.0 sec
[-----------------96%----------------  ] 299645 of 310000 complete in 41.5 sec
[-----------------97%----------------- ] 303274 of 310000 complete in 42.0 sec
[-----------------98%----------------- ] 306873 of 310000 complete in 42.5 sec
[-----------------100%-----------------] 310000 of 310000 complete in 42.9 sec
Plotting DeltaH
Plotting P0
Plotting DeltaG


MCMC estimates:
DeltaH    (std) =        -9.30285 (        0.10056)
P0        (std) =         0.01075 (        0.00009)
DeltaG    (std) =        -8.34174 (        0.04543)
DONE
Fri Feb  9 00:46:50 CST 2018
