Fri Feb  9 00:43:44 CST 2018
variables ['DeltaG', 'DeltaH', 'P0']
Inputs:
DeltaH    (std) =       -10.20000 (        0.04000)
P0        (std) =         0.03849 (        0.00012)
DeltaG    (std) =        -8.08218 (        0.02116)
[                  0%                  ] 2938 of 310000 complete in 0.5 sec
[                  2%                  ] 6602 of 310000 complete in 1.0 sec
[-                 3%                  ] 9359 of 310000 complete in 1.5 sec
[-                 3%                  ] 11806 of 310000 complete in 2.0 sec
[-                 4%                  ] 15337 of 310000 complete in 2.5 sec
[--                6%                  ] 19094 of 310000 complete in 3.0 sec
[--                7%                  ] 22538 of 310000 complete in 3.5 sec
[---               8%                  ] 25907 of 310000 complete in 4.0 sec
[---               9%                  ] 29505 of 310000 complete in 4.5 sec
[----             10%                  ] 33121 of 310000 complete in 5.0 sec
[----             11%                  ] 36828 of 310000 complete in 5.5 sec
[----             13%                  ] 40609 of 310000 complete in 6.0 sec
[-----            13%                  ] 43085 of 310000 complete in 6.5 sec
[-----            14%                  ] 45706 of 310000 complete in 7.0 sec
[-----            15%                  ] 48051 of 310000 complete in 7.5 sec
[------           16%                  ] 50390 of 310000 complete in 8.0 sec
[------           17%                  ] 53434 of 310000 complete in 8.5 sec
[-------          18%                  ] 57197 of 310000 complete in 9.0 sec
[-------          19%                  ] 60958 of 310000 complete in 9.5 sec
[-------          20%                  ] 64714 of 310000 complete in 10.0 sec
[--------         21%                  ] 67555 of 310000 complete in 10.5 sec
[--------         23%                  ] 71321 of 310000 complete in 11.0 sec
[---------        23%                  ] 74272 of 310000 complete in 11.5 sec
[---------        24%                  ] 76924 of 310000 complete in 12.0 sec
[---------        25%                  ] 79946 of 310000 complete in 12.5 sec
[----------       26%                  ] 83508 of 310000 complete in 13.0 sec
[----------       28%                  ] 87278 of 310000 complete in 13.5 sec
[-----------      29%                  ] 90058 of 310000 complete in 14.0 sec
[-----------      30%                  ] 93593 of 310000 complete in 14.5 sec
[-----------      31%                  ] 96671 of 310000 complete in 15.0 sec
[------------     32%                  ] 100462 of 310000 complete in 15.5 sec
[------------     33%                  ] 103872 of 310000 complete in 16.0 sec
[-------------    34%                  ] 107407 of 310000 complete in 16.5 sec
[-------------    35%                  ] 111106 of 310000 complete in 17.0 sec
[-------------    36%                  ] 113465 of 310000 complete in 17.5 sec
[--------------   37%                  ] 116795 of 310000 complete in 18.0 sec
[--------------   38%                  ] 120477 of 310000 complete in 18.5 sec
[---------------  40%                  ] 124179 of 310000 complete in 19.0 sec
[---------------  41%                  ] 127887 of 310000 complete in 19.5 sec
[---------------- 42%                  ] 131588 of 310000 complete in 20.0 sec
[---------------- 43%                  ] 135288 of 310000 complete in 20.5 sec
[-----------------44%                  ] 138993 of 310000 complete in 21.0 sec
[-----------------46%                  ] 142701 of 310000 complete in 21.5 sec
[-----------------47%                  ] 146390 of 310000 complete in 22.0 sec
[-----------------48%                  ] 150110 of 310000 complete in 22.5 sec
[-----------------49%                  ] 153814 of 310000 complete in 23.0 sec
[-----------------50%                  ] 157516 of 310000 complete in 23.5 sec
[-----------------52%                  ] 161222 of 310000 complete in 24.0 sec
[-----------------53%                  ] 164923 of 310000 complete in 24.5 sec
[-----------------54%                  ] 168621 of 310000 complete in 25.0 s/home/tnguye46/opt/anaconda/lib/python2.7/site-packages/matplotlib/collections.py:590: FutureWarning: elementwise comparison failed; returning scalar instead, but in the future will perform elementwise comparison
  if self._edgecolors == str('face'):
ec
[-----------------55%-                 ] 172312 of 310000 complete in 25.5 sec
[-----------------56%-                 ] 176012 of 310000 complete in 26.0 sec
[-----------------57%--                ] 179732 of 310000 complete in 26.5 sec
[-----------------59%--                ] 183432 of 310000 complete in 27.0 sec
[-----------------60%--                ] 187133 of 310000 complete in 27.5 sec
[-----------------61%---               ] 190829 of 310000 complete in 28.0 sec
[-----------------62%---               ] 194541 of 310000 complete in 28.5 sec
[-----------------63%----              ] 198256 of 310000 complete in 29.0 sec
[-----------------65%----              ] 201960 of 310000 complete in 29.5 sec
[-----------------66%-----             ] 205665 of 310000 complete in 30.0 sec
[-----------------67%-----             ] 209343 of 310000 complete in 30.5 sec
[-----------------68%------            ] 212931 of 310000 complete in 31.0 sec
[-----------------69%------            ] 216633 of 310000 complete in 31.5 sec
[-----------------71%-------           ] 220337 of 310000 complete in 32.0 sec
[-----------------72%-------           ] 224034 of 310000 complete in 32.5 sec
[-----------------73%-------           ] 227735 of 310000 complete in 33.0 sec
[-----------------74%--------          ] 230936 of 310000 complete in 33.5 sec
[-----------------75%--------          ] 234638 of 310000 complete in 34.0 sec
[-----------------76%---------         ] 238360 of 310000 complete in 34.5 sec
[-----------------78%---------         ] 242061 of 310000 complete in 35.0 sec
[-----------------79%----------        ] 245582 of 310000 complete in 35.5 sec
[-----------------80%----------        ] 249270 of 310000 complete in 36.0 sec
[-----------------81%-----------       ] 252976 of 310000 complete in 36.5 sec
[-----------------82%-----------       ] 256688 of 310000 complete in 37.0 sec
[-----------------83%-----------       ] 260391 of 310000 complete in 37.5 sec
[-----------------85%------------      ] 264094 of 310000 complete in 38.0 sec
[-----------------86%------------      ] 267801 of 310000 complete in 38.5 sec
[-----------------87%-------------     ] 271494 of 310000 complete in 39.0 sec
[-----------------88%-------------     ] 275206 of 310000 complete in 39.5 sec
[-----------------89%--------------    ] 278909 of 310000 complete in 40.0 sec
[-----------------91%--------------    ] 282622 of 310000 complete in 40.5 sec
[-----------------92%---------------   ] 286330 of 310000 complete in 41.0 sec
[-----------------93%---------------   ] 290047 of 310000 complete in 41.5 sec
[-----------------94%----------------  ] 293754 of 310000 complete in 42.0 sec
[-----------------95%----------------  ] 297454 of 310000 complete in 42.5 sec
[-----------------97%----------------  ] 301157 of 310000 complete in 43.0 sec
[-----------------98%----------------- ] 304551 of 310000 complete in 43.5 sec
[-----------------99%----------------- ] 308254 of 310000 complete in 44.0 sec
[-----------------100%-----------------] 310000 of 310000 complete in 44.3 sec
Plotting DeltaH
Plotting P0
Plotting DeltaG


MCMC estimates:
DeltaH    (std) =       -10.20010 (        0.04060)
P0        (std) =         0.03850 (        0.00012)
DeltaG    (std) =        -8.08267 (        0.02085)
DONE
Fri Feb  9 00:44:37 CST 2018
