Fri Feb  9 15:11:08 CST 2018
variables ['DeltaG', 'DeltaH', 'P0']
Inputs:
DeltaH    (std) =        -5.05900 (        0.03683)
P0        (std) =         0.02286 (        0.00011)
DeltaG    (std) =        -9.04693 (        0.05163)
[                  0%                  ] 2717 of 310000 complete in 0.5 sec
[                  1%                  ] 5879 of 310000 complete in 1.0 sec
[-                 2%                  ] 9036 of 310000 complete in 1.5 sec
[-                 3%                  ] 12193 of 310000 complete in 2.0 sec
[-                 4%                  ] 15342 of 310000 complete in 2.5 sec
[--                5%                  ] 18491 of 310000 complete in 3.0 sec
[--                6%                  ] 21645 of 310000 complete in 3.5 sec
[---               8%                  ] 24800 of 310000 complete in 4.0 sec
[---               9%                  ] 27932 of 310000 complete in 4.5 sec
[---              10%                  ] 31079 of 310000 complete in 5.0 sec
[----             11%                  ] 34232 of 310000 complete in 5.5 sec
[----             12%                  ] 37379 of 310000 complete in 6.0 sec
[----             13%                  ] 40533 of 310000 complete in 6.5 sec
[-----            14%                  ] 43676 of 310000 complete in 7.0 sec
[-----            15%                  ] 46778 of 310000 complete in 7.5 sec
[------           16%                  ] 49920 of 310000 complete in 8.0 sec
[------           17%                  ] 53071 of 310000 complete in 8.5 sec
[------           18%                  ] 56223 of 310000 complete in 9.0 sec
[-------          19%                  ] 59375 of 310000 complete in 9.5 sec
[-------          20%                  ] 62525 of 310000 complete in 10.0 sec
[--------         21%                  ] 65682 of 310000 complete in 10.5 sec
[--------         22%                  ] 68833 of 310000 complete in 11.0 sec
[--------         23%                  ] 71978 of 310000 complete in 11.5 sec
[---------        24%                  ] 75134 of 310000 complete in 12.0 sec
[---------        25%                  ] 78292 of 310000 complete in 12.5 sec
[---------        26%                  ] 81447 of 310000 complete in 13.0 sec
[----------       27%                  ] 84603 of 310000 complete in 13.5 sec
[----------       28%                  ] 87732 of 310000 complete in 14.0 sec
[-----------      29%                  ] 90845 of 310000 complete in 14.5 sec
[-----------      30%                  ] 93968 of 310000 complete in 15.0 sec
[-----------      31%                  ] 97122 of 310000 complete in 15.5 sec
[------------     32%                  ] 100275 of 310000 complete in 16.0 sec
[------------     33%                  ] 103431 of 310000 complete in 16.5 sec
[-------------    34%                  ] 106586 of 310000 complete in 17.0 sec
[-------------    35%                  ] 109747 of 310000 complete in 17.5 sec
[-------------    36%                  ] 112903 of 310000 complete in 18.0 sec
[--------------   37%                  ] 116053 of 310000 complete in 18.5 sec
[--------------   38%                  ] 119210 of 310000 complete in 19.0 sec
[---------------  39%                  ] 122369 of 310000 complete in 19.5 sec
[---------------  40%                  ] 125522 of 310000 complete in 20.0 sec
[---------------  41%                  ] 128679 of 310000 complete in 20.5 sec
[---------------- 42%                  ] 131835 of 310000 complete in 21.0 sec
[---------------- 43%                  ] 134991 of 310000 complete in 21.5 sec
[---------------- 44%                  ] 138147 of 310000 complete in 22.0 sec
[-----------------45%                  ] 141303 of 310000 complete in 22.5 sec
[-----------------46%                  ] 144461 of 310000 complete in 23.0 sec
[-----------------47%                  ] 147615 of 310000 complete in 23.5 sec
[-----------------48%                  ] 150767 of 310000 complete in 24.0 sec
[-----------------49%                  ] 153927 of 310000 complete in 24.5 sec
[-----------------50%                  ] 157082 of 310000 complete in 25.0 se/home/tnguye46/opt/anaconda/lib/python2.7/site-packages/matplotlib/collections.py:590: FutureWarning: elementwise comparison failed; returning scalar instead, but in the future will perform elementwise comparison
  if self._edgecolors == str('face'):
c
[-----------------51%                  ] 160235 of 310000 complete in 25.5 sec
[-----------------52%                  ] 163398 of 310000 complete in 26.0 sec
[-----------------53%                  ] 166554 of 310000 complete in 26.5 sec
[-----------------54%                  ] 169708 of 310000 complete in 27.0 sec
[-----------------55%-                 ] 172862 of 310000 complete in 27.5 sec
[-----------------56%-                 ] 176016 of 310000 complete in 28.0 sec
[-----------------57%-                 ] 179172 of 310000 complete in 28.5 sec
[-----------------58%--                ] 182323 of 310000 complete in 29.0 sec
[-----------------59%--                ] 185476 of 310000 complete in 29.5 sec
[-----------------60%---               ] 188632 of 310000 complete in 30.0 sec
[-----------------61%---               ] 191790 of 310000 complete in 30.5 sec
[-----------------62%---               ] 194939 of 310000 complete in 31.0 sec
[-----------------63%----              ] 198099 of 310000 complete in 31.5 sec
[-----------------64%----              ] 201256 of 310000 complete in 32.0 sec
[-----------------65%-----             ] 204411 of 310000 complete in 32.5 sec
[-----------------66%-----             ] 207568 of 310000 complete in 33.0 sec
[-----------------67%-----             ] 210719 of 310000 complete in 33.5 sec
[-----------------68%------            ] 213872 of 310000 complete in 34.0 sec
[-----------------70%------            ] 217030 of 310000 complete in 34.5 sec
[-----------------71%------            ] 220190 of 310000 complete in 35.0 sec
[-----------------72%-------           ] 223344 of 310000 complete in 35.5 sec
[-----------------73%-------           ] 226502 of 310000 complete in 36.0 sec
[-----------------74%--------          ] 229655 of 310000 complete in 36.5 sec
[-----------------75%--------          ] 232814 of 310000 complete in 37.0 sec
[-----------------76%--------          ] 235972 of 310000 complete in 37.5 sec
[-----------------77%---------         ] 239124 of 310000 complete in 38.0 sec
[-----------------78%---------         ] 242287 of 310000 complete in 38.5 sec
[-----------------79%----------        ] 245443 of 310000 complete in 39.0 sec
[-----------------80%----------        ] 248596 of 310000 complete in 39.5 sec
[-----------------81%----------        ] 251752 of 310000 complete in 40.0 sec
[-----------------82%-----------       ] 254906 of 310000 complete in 40.5 sec
[-----------------83%-----------       ] 258061 of 310000 complete in 41.0 sec
[-----------------84%------------      ] 261215 of 310000 complete in 41.5 sec
[-----------------85%------------      ] 264368 of 310000 complete in 42.0 sec
[-----------------86%------------      ] 267524 of 310000 complete in 42.5 sec
[-----------------87%-------------     ] 270708 of 310000 complete in 43.0 sec
[-----------------88%-------------     ] 273870 of 310000 complete in 43.5 sec
[-----------------89%-------------     ] 277028 of 310000 complete in 44.0 sec
[-----------------90%--------------    ] 280016 of 310000 complete in 44.5 sec
[-----------------91%--------------    ] 283089 of 310000 complete in 45.0 sec
[-----------------92%---------------   ] 286493 of 310000 complete in 45.5 sec
[-----------------93%---------------   ] 290055 of 310000 complete in 46.0 sec
[-----------------94%----------------  ] 293883 of 310000 complete in 46.5 sec
[-----------------96%----------------  ] 298240 of 310000 complete in 47.0 sec
[-----------------97%----------------- ] 302530 of 310000 complete in 47.5 sec
[-----------------98%----------------- ] 306868 of 310000 complete in 48.0 sec
[-----------------100%-----------------] 310000 of 310000 complete in 48.4 sec
Plotting DeltaH
Plotting P0
Plotting DeltaG


MCMC estimates:
DeltaH    (std) =        -5.05851 (        0.03652)
P0        (std) =         0.02286 (        0.00011)
DeltaG    (std) =        -9.04715 (        0.05049)
DONE
Fri Feb  9 15:12:04 CST 2018
