Fri Feb  9 00:42:44 CST 2018
variables ['DeltaG', 'DeltaH', 'P0']
Inputs:
DeltaH    (std) =       -11.80000 (        0.02000)
P0        (std) =         0.03402 (        0.00042)
DeltaG    (std) =        -8.31293 (        0.01433)
[                  0%                  ] 2259 of 310000 complete in 0.5 sec
[                  1%                  ] 5797 of 310000 complete in 1.0 sec
[-                 2%                  ] 8995 of 310000 complete in 1.5 sec
[-                 3%                  ] 11995 of 310000 complete in 2.0 sec
[-                 4%                  ] 14373 of 310000 complete in 2.5 sec
[--                5%                  ] 16531 of 310000 complete in 3.0 sec
[--                6%                  ] 19868 of 310000 complete in 3.5 sec
[--                7%                  ] 23633 of 310000 complete in 4.0 sec
[---               8%                  ] 26405 of 310000 complete in 4.5 sec
[---               9%                  ] 28684 of 310000 complete in 5.0 sec
[---              10%                  ] 32238 of 310000 complete in 5.5 sec
[----             11%                  ] 35966 of 310000 complete in 6.0 sec
[----             12%                  ] 39029 of 310000 complete in 6.5 sec
[-----            13%                  ] 41980 of 310000 complete in 7.0 sec
[-----            14%                  ] 44750 of 310000 complete in 7.5 sec
[-----            15%                  ] 47070 of 310000 complete in 8.0 sec
[------           16%                  ] 50659 of 310000 complete in 8.5 sec
[------           17%                  ] 53510 of 310000 complete in 9.0 sec
[------           18%                  ] 57098 of 310000 complete in 9.5 sec
[-------          19%                  ] 60859 of 310000 complete in 10.0 sec
[-------          20%                  ] 63851 of 310000 complete in 10.5 sec
[--------         21%                  ] 66892 of 310000 complete in 11.0 sec
[--------         22%                  ] 70600 of 310000 complete in 11.5 sec
[---------        23%                  ] 73781 of 310000 complete in 12.0 sec
[---------        24%                  ] 77418 of 310000 complete in 12.5 sec
[---------        26%                  ] 80681 of 310000 complete in 13.0 sec
[----------       26%                  ] 83549 of 310000 complete in 13.5 sec
[----------       28%                  ] 86965 of 310000 complete in 14.0 sec
[-----------      29%                  ] 90368 of 310000 complete in 14.5 sec
[-----------      30%                  ] 93750 of 310000 complete in 15.0 sec
[-----------      31%                  ] 97091 of 310000 complete in 15.5 sec
[------------     32%                  ] 100430 of 310000 complete in 16.0 sec
[------------     33%                  ] 103813 of 310000 complete in 16.5 sec
[-------------    34%                  ] 107182 of 310000 complete in 17.0 sec
[-------------    35%                  ] 110396 of 310000 complete in 17.5 sec
[-------------    36%                  ] 113019 of 310000 complete in 18.0 sec
[--------------   37%                  ] 115509 of 310000 complete in 18.5 sec
[--------------   38%                  ] 118082 of 310000 complete in 19.0 sec
[--------------   39%                  ] 121011 of 310000 complete in 19.5 sec
[---------------  40%                  ] 124738 of 310000 complete in 20.0 sec
[---------------  41%                  ] 128428 of 310000 complete in 20.5 sec
[---------------- 42%                  ] 132121 of 310000 complete in 21.0 sec
[---------------- 43%                  ] 135808 of 310000 complete in 21.5 sec
[-----------------44%                  ] 139486 of 310000 complete in 22.0 sec
[-----------------46%                  ] 143209 of 310000 complete in 22.5 sec
[-----------------47%                  ] 146886 of 310000 complete in 23.0 sec
[-----------------48%                  ] 150413 of 310000 complete in 23.5 sec
[-----------------49%                  ] 154117 of 310000 complete in 24.0 sec
[-----------------50%                  ] 157827 of 310000 complete in 24.5 sec
[-----------------52%                  ] 161545 of 310000 complete in 25.0 se/home/tnguye46/opt/anaconda/lib/python2.7/site-packages/matplotlib/collections.py:590: FutureWarning: elementwise comparison failed; returning scalar instead, but in the future will perform elementwise comparison
  if self._edgecolors == str('face'):
c
[-----------------53%                  ] 165239 of 310000 complete in 25.5 sec
[-----------------54%                  ] 168928 of 310000 complete in 26.0 sec
[-----------------55%-                 ] 171420 of 310000 complete in 26.5 sec
[-----------------56%-                 ] 174081 of 310000 complete in 27.0 sec
[-----------------57%-                 ] 176801 of 310000 complete in 27.5 sec
[-----------------57%-                 ] 178577 of 310000 complete in 28.1 sec
[-----------------58%--                ] 182024 of 310000 complete in 28.6 sec
[-----------------59%--                ] 185764 of 310000 complete in 29.1 sec
[-----------------61%---               ] 189193 of 310000 complete in 29.6 sec
[-----------------61%---               ] 191807 of 310000 complete in 30.1 sec
[-----------------63%---               ] 195419 of 310000 complete in 30.6 sec
[-----------------64%----              ] 198971 of 310000 complete in 31.1 sec
[-----------------64%----              ] 201382 of 310000 complete in 31.6 sec
[-----------------65%-----             ] 203977 of 310000 complete in 32.1 sec
[-----------------66%-----             ] 207691 of 310000 complete in 32.6 sec
[-----------------68%-----             ] 211076 of 310000 complete in 33.1 sec
[-----------------68%------            ] 213497 of 310000 complete in 33.6 sec
[-----------------69%------            ] 216275 of 310000 complete in 34.1 sec
[-----------------70%------            ] 218589 of 310000 complete in 34.6 sec
[-----------------71%-------           ] 221661 of 310000 complete in 35.1 sec
[-----------------72%-------           ] 225073 of 310000 complete in 35.6 sec
[-----------------73%--------          ] 228638 of 310000 complete in 36.1 sec
[-----------------74%--------          ] 231584 of 310000 complete in 36.6 sec
[-----------------75%--------          ] 234276 of 310000 complete in 37.1 sec
[-----------------76%---------         ] 236988 of 310000 complete in 37.6 sec
[-----------------77%---------         ] 239772 of 310000 complete in 38.1 sec
[-----------------78%---------         ] 242645 of 310000 complete in 38.6 sec
[-----------------79%----------        ] 245707 of 310000 complete in 39.1 sec
[-----------------80%----------        ] 249342 of 310000 complete in 39.6 sec
[-----------------81%----------        ] 252700 of 310000 complete in 40.1 sec
[-----------------82%-----------       ] 255505 of 310000 complete in 40.6 sec
[-----------------83%-----------       ] 257758 of 310000 complete in 41.1 sec
[-----------------84%-----------       ] 260817 of 310000 complete in 41.6 sec
[-----------------84%------------      ] 262949 of 310000 complete in 42.1 sec
[-----------------85%------------      ] 265133 of 310000 complete in 42.6 sec
[-----------------86%------------      ] 267965 of 310000 complete in 43.1 sec
[-----------------87%-------------     ] 271656 of 310000 complete in 43.6 sec
[-----------------88%-------------     ] 275389 of 310000 complete in 44.1 sec
[-----------------90%--------------    ] 279116 of 310000 complete in 44.6 sec
[-----------------91%--------------    ] 282845 of 310000 complete in 45.1 sec
[-----------------92%---------------   ] 286495 of 310000 complete in 45.6 sec
[-----------------93%---------------   ] 290151 of 310000 complete in 46.1 sec
[-----------------94%----------------  ] 293818 of 310000 complete in 46.6 sec
[-----------------95%----------------  ] 297466 of 310000 complete in 47.1 sec
[-----------------97%----------------  ] 301108 of 310000 complete in 47.6 sec
[-----------------98%----------------- ] 304547 of 310000 complete in 48.1 sec
[-----------------99%----------------- ] 308211 of 310000 complete in 48.6 sec
[-----------------100%-----------------] 310000 of 310000 complete in 48.8 sec
Plotting DeltaH
Plotting P0
Plotting DeltaG


MCMC estimates:
DeltaH    (std) =       -11.79982 (        0.02000)
P0        (std) =         0.03403 (        0.00042)
DeltaG    (std) =        -8.31281 (        0.01404)
DONE
Fri Feb  9 00:43:42 CST 2018
