Fri Feb  9 15:12:19 CST 2018
variables ['DeltaG', 'DeltaH', 'P0']
Inputs:
DeltaH    (std) =        -5.27700 (        0.03677)
P0        (std) =         0.02283 (        0.00010)
DeltaG    (std) =        -9.32988 (        0.05951)
[                  1%                  ] 4375 of 310000 complete in 0.5 sec
[-                 2%                  ] 8765 of 310000 complete in 1.0 sec
[-                 4%                  ] 13156 of 310000 complete in 1.5 sec
[--                5%                  ] 17577 of 310000 complete in 2.0 sec
[--                7%                  ] 22034 of 310000 complete in 2.5 sec
[---               8%                  ] 26499 of 310000 complete in 3.0 sec
[---               9%                  ] 30954 of 310000 complete in 3.5 sec
[----             11%                  ] 35406 of 310000 complete in 4.0 sec
[----             12%                  ] 39865 of 310000 complete in 4.5 sec
[-----            14%                  ] 44326 of 310000 complete in 5.0 sec
[-----            15%                  ] 48778 of 310000 complete in 5.5 sec
[------           17%                  ] 53236 of 310000 complete in 6.0 sec
[-------          18%                  ] 57683 of 310000 complete in 6.5 sec
[-------          20%                  ] 62142 of 310000 complete in 7.0 sec
[--------         21%                  ] 66594 of 310000 complete in 7.5 sec
[--------         22%                  ] 71048 of 310000 complete in 8.0 sec
[---------        24%                  ] 75503 of 310000 complete in 8.5 sec
[---------        25%                  ] 79959 of 310000 complete in 9.0 sec
[----------       27%                  ] 84407 of 310000 complete in 9.5 sec
[----------       28%                  ] 88864 of 310000 complete in 10.0 sec
[-----------      30%                  ] 93322 of 310000 complete in 10.5 sec
[-----------      31%                  ] 97772 of 310000 complete in 11.0 sec
[------------     32%                  ] 102227 of 310000 complete in 11.5 sec
[-------------    34%                  ] 106679 of 310000 complete in 12.0 sec
[-------------    35%                  ] 111134 of 310000 complete in 12.5 sec
[--------------   37%                  ] 115586 of 310000 complete in 13.0 sec
[--------------   38%                  ] 120041 of 310000 complete in 13.5 sec
[---------------  40%                  ] 124504 of 310000 complete in 14.0 sec
[---------------  41%                  ] 128965 of 310000 complete in 14.5 sec
[---------------- 43%                  ] 133424 of 310000 complete in 15.0 sec
[---------------- 44%                  ] 137893 of 310000 complete in 15.5 sec
[-----------------45%                  ] 142358 of 310000 complete in 16.0 sec
[-----------------47%                  ] 146817 of 310000 complete in 16.5 sec
[-----------------48%                  ] 151272 of 310000 complete in 17.0 sec
[-----------------50%                  ] 155735 of 310000 complete in 17.5 sec
[-----------------51%                  ] 160195 of 310000 complete in 18.0 sec
[-----------------53%                  ] 164653 of 310000 complete in 18.5 sec
[-----------------54%                  ] 169109 of 310000 complete in 19.0 sec
[-----------------55%-                 ] 173570 of 310000 complete in 19.5 sec
[-----------------57%-                 ] 178027 of 310000 complete in 20.0 sec
[-----------------58%--                ] 182493 of 310000 complete in 20.5 sec
[-----------------60%--                ] 186945 of 310000 complete in 21.0 sec
[-----------------61%---               ] 191404 of 310000 complete in 21.5 sec
[-----------------63%----              ] 195864 of 310000 complete in 22.0 sec
[-----------------64%----              ] 200322 of 310000 complete in 22.5 sec
[-----------------66%-----             ] 204780 of 310000 complete in 23.0 sec
[-----------------67%-----             ] 209244 of 310000 complete in 23.5 sec
[-----------------68%------            ] 213704 of 310000 complete in 24.0 sec
[-----------------70%------            ] 218122 of 310000 complete in 24.5 sec
[-----------------71%-------           ] 222580 of 310000 complete /home/tnguye46/opt/anaconda/lib/python2.7/site-packages/matplotlib/collections.py:590: FutureWarning: elementwise comparison failed; returning scalar instead, but in the future will perform elementwise comparison
  if self._edgecolors == str('face'):
in 25.0 sec
[-----------------73%-------           ] 227036 of 310000 complete in 25.5 sec
[-----------------74%--------          ] 231499 of 310000 complete in 26.0 sec
[-----------------76%--------          ] 235957 of 310000 complete in 26.5 sec
[-----------------77%---------         ] 240411 of 310000 complete in 27.0 sec
[-----------------78%----------        ] 244864 of 310000 complete in 27.5 sec
[-----------------80%----------        ] 249317 of 310000 complete in 28.0 sec
[-----------------81%-----------       ] 253774 of 310000 complete in 28.5 sec
[-----------------83%-----------       ] 258225 of 310000 complete in 29.0 sec
[-----------------84%------------      ] 262679 of 310000 complete in 29.5 sec
[-----------------86%------------      ] 267138 of 310000 complete in 30.0 sec
[-----------------87%-------------     ] 271536 of 310000 complete in 30.5 sec
[-----------------89%-------------     ] 275919 of 310000 complete in 31.0 sec
[-----------------90%--------------    ] 280332 of 310000 complete in 31.5 sec
[-----------------91%--------------    ] 284761 of 310000 complete in 32.0 sec
[-----------------93%---------------   ] 289152 of 310000 complete in 32.5 sec
[-----------------94%---------------   ] 293521 of 310000 complete in 33.0 sec
[-----------------96%----------------  ] 297923 of 310000 complete in 33.5 sec
[-----------------97%----------------- ] 302308 of 310000 complete in 34.0 sec
[-----------------98%----------------- ] 306681 of 310000 complete in 34.5 sec
[-----------------100%-----------------] 310000 of 310000 complete in 34.9 sec
Plotting DeltaH
Plotting P0
Plotting DeltaG


MCMC estimates:
DeltaH    (std) =        -5.27679 (        0.03574)
P0        (std) =         0.02283 (        0.00010)
DeltaG    (std) =        -9.32823 (        0.05906)
DONE
Fri Feb  9 15:12:58 CST 2018
