Fri Feb  9 15:11:08 CST 2018
variables ['DeltaG', 'DeltaH', 'P0']
Inputs:
DeltaH    (std) =        -4.76100 (        0.16895)
P0        (std) =         0.01995 (        0.00051)
DeltaG    (std) =        -8.57197 (        0.18207)
[                  0%                  ] 2945 of 310000 complete in 0.5 sec
[                  2%                  ] 6598 of 310000 complete in 1.0 sec
[-                 3%                  ] 10239 of 310000 complete in 1.5 sec
[-                 4%                  ] 13556 of 310000 complete in 2.0 sec
[--                5%                  ] 17256 of 310000 complete in 2.5 sec
[--                6%                  ] 20934 of 310000 complete in 3.0 sec
[---               7%                  ] 24604 of 310000 complete in 3.5 sec
[---               9%                  ] 28272 of 310000 complete in 4.0 sec
[---              10%                  ] 31925 of 310000 complete in 4.5 sec
[----             11%                  ] 35247 of 310000 complete in 5.0 sec
[----             12%                  ] 38907 of 310000 complete in 5.5 sec
[-----            13%                  ] 42529 of 310000 complete in 6.0 sec
[-----            14%                  ] 46201 of 310000 complete in 6.5 sec
[------           16%                  ] 49767 of 310000 complete in 7.0 sec
[------           17%                  ] 53415 of 310000 complete in 7.5 sec
[------           18%                  ] 57055 of 310000 complete in 8.0 sec
[-------          19%                  ] 60738 of 310000 complete in 8.5 sec
[-------          20%                  ] 64433 of 310000 complete in 9.0 sec
[--------         21%                  ] 68103 of 310000 complete in 9.5 sec
[--------         23%                  ] 71757 of 310000 complete in 10.0 sec
[---------        24%                  ] 75446 of 310000 complete in 10.5 sec
[---------        25%                  ] 79138 of 310000 complete in 11.0 sec
[----------       26%                  ] 82791 of 310000 complete in 11.5 sec
[----------       27%                  ] 86450 of 310000 complete in 12.0 sec
[-----------      29%                  ] 90138 of 310000 complete in 12.5 sec
[-----------      30%                  ] 93842 of 310000 complete in 13.0 sec
[-----------      31%                  ] 97526 of 310000 complete in 13.5 sec
[------------     32%                  ] 101169 of 310000 complete in 14.0 sec
[------------     33%                  ] 104847 of 310000 complete in 14.5 sec
[-------------    35%                  ] 108530 of 310000 complete in 15.0 sec
[-------------    36%                  ] 112222 of 310000 complete in 15.5 sec
[--------------   37%                  ] 115884 of 310000 complete in 16.0 sec
[--------------   38%                  ] 119558 of 310000 complete in 16.5 sec
[---------------  39%                  ] 123273 of 310000 complete in 17.0 sec
[---------------  40%                  ] 126945 of 310000 complete in 17.5 sec
[---------------- 42%                  ] 130616 of 310000 complete in 18.0 sec
[---------------- 43%                  ] 134302 of 310000 complete in 18.5 sec
[---------------- 44%                  ] 137986 of 310000 complete in 19.0 sec
[-----------------45%                  ] 141683 of 310000 complete in 19.5 sec
[-----------------46%                  ] 145364 of 310000 complete in 20.0 sec
[-----------------48%                  ] 149012 of 310000 complete in 20.5 sec
[-----------------49%                  ] 152726 of 310000 complete in 21.0 sec
[-----------------50%                  ] 156423 of 310000 complete in 21.5 sec
[-----------------51%                  ] 160105 of 310000 complete in 22.0 sec
[-----------------52%                  ] 163766 of 310000 complete in 22.5 sec
[-----------------54%                  ] 167448 of 310000 complete in 23.0 sec
[-----------------55%                  ] 171152 of 310000 complete in 23.5 sec
[-----------------56%-                 ] 174821 of 310000 complete in 24.0 sec
[-----------------57%-                 ] 178485 of 310000 complete in 24.5 sec
[-----------------58%--                ] 182180 of 310000 complete in 25/home/tnguye46/opt/anaconda/lib/python2.7/site-packages/matplotlib/collections.py:590: FutureWarning: elementwise comparison failed; returning scalar instead, but in the future will perform elementwise comparison
  if self._edgecolors == str('face'):
.0 sec
[-----------------59%--                ] 185856 of 310000 complete in 25.5 sec
[-----------------61%---               ] 189548 of 310000 complete in 26.0 sec
[-----------------62%---               ] 193226 of 310000 complete in 26.5 sec
[-----------------63%----              ] 196892 of 310000 complete in 27.0 sec
[-----------------64%----              ] 200596 of 310000 complete in 27.5 sec
[-----------------65%-----             ] 204293 of 310000 complete in 28.0 sec
[-----------------67%-----             ] 207961 of 310000 complete in 28.5 sec
[-----------------68%-----             ] 211638 of 310000 complete in 29.0 sec
[-----------------69%------            ] 215332 of 310000 complete in 29.5 sec
[-----------------70%------            ] 219041 of 310000 complete in 30.0 sec
[-----------------71%-------           ] 222705 of 310000 complete in 30.5 sec
[-----------------73%-------           ] 226375 of 310000 complete in 31.0 sec
[-----------------74%--------          ] 230098 of 310000 complete in 31.5 sec
[-----------------75%--------          ] 233801 of 310000 complete in 32.0 sec
[-----------------76%---------         ] 237481 of 310000 complete in 32.5 sec
[-----------------77%---------         ] 241153 of 310000 complete in 33.0 sec
[-----------------78%----------        ] 244833 of 310000 complete in 33.5 sec
[-----------------80%----------        ] 248539 of 310000 complete in 34.0 sec
[-----------------81%----------        ] 252226 of 310000 complete in 34.5 sec
[-----------------82%-----------       ] 255894 of 310000 complete in 35.0 sec
[-----------------83%-----------       ] 259600 of 310000 complete in 35.5 sec
[-----------------84%------------      ] 263295 of 310000 complete in 36.0 sec
[-----------------86%------------      ] 266990 of 310000 complete in 36.5 sec
[-----------------87%-------------     ] 270658 of 310000 complete in 37.0 sec
[-----------------88%-------------     ] 274335 of 310000 complete in 37.5 sec
[-----------------89%--------------    ] 278053 of 310000 complete in 38.0 sec
[-----------------90%--------------    ] 281762 of 310000 complete in 38.5 sec
[-----------------92%--------------    ] 285444 of 310000 complete in 39.0 sec
[-----------------93%---------------   ] 289118 of 310000 complete in 39.5 sec
[-----------------94%---------------   ] 292806 of 310000 complete in 40.0 sec
[-----------------95%----------------  ] 296512 of 310000 complete in 40.5 sec
[-----------------96%----------------  ] 300207 of 310000 complete in 41.0 sec
[-----------------98%----------------- ] 303862 of 310000 complete in 41.5 sec
[-----------------99%----------------- ] 307576 of 310000 complete in 42.0 sec
[-----------------100%-----------------] 310000 of 310000 complete in 42.3 sec
Plotting P0
Plotting DeltaH
Plotting DeltaG


MCMC estimates:
DeltaH    (std) =        -4.76040 (        0.16805)
P0        (std) =         0.01995 (        0.00050)
DeltaG    (std) =        -8.57027 (        0.18235)
DONE
Fri Feb  9 15:11:58 CST 2018
