Fri Feb  9 15:12:19 CST 2018
variables ['DeltaG', 'DeltaH', 'P0']
Inputs:
DeltaH    (std) =        -5.32900 (        0.03295)
P0        (std) =         0.02289 (        0.00009)
DeltaG    (std) =        -9.26936 (        0.05088)
[                  1%                  ] 4280 of 310000 complete in 0.5 sec
[-                 2%                  ] 8551 of 310000 complete in 1.0 sec
[-                 4%                  ] 12750 of 310000 complete in 1.5 sec
[--                5%                  ] 16946 of 310000 complete in 2.0 sec
[--                6%                  ] 21137 of 310000 complete in 2.5 sec
[---               8%                  ] 25321 of 310000 complete in 3.0 sec
[---               9%                  ] 29515 of 310000 complete in 3.5 sec
[----             10%                  ] 33697 of 310000 complete in 4.0 sec
[----             12%                  ] 37941 of 310000 complete in 4.5 sec
[-----            13%                  ] 42194 of 310000 complete in 5.0 sec
[-----            14%                  ] 46391 of 310000 complete in 5.5 sec
[------           16%                  ] 50566 of 310000 complete in 6.0 sec
[------           17%                  ] 54803 of 310000 complete in 6.5 sec
[-------          19%                  ] 59055 of 310000 complete in 7.0 sec
[-------          20%                  ] 63251 of 310000 complete in 7.5 sec
[--------         21%                  ] 67442 of 310000 complete in 8.0 sec
[--------         23%                  ] 71673 of 310000 complete in 8.5 sec
[---------        24%                  ] 75929 of 310000 complete in 9.0 sec
[---------        25%                  ] 80184 of 310000 complete in 9.5 sec
[----------       27%                  ] 84437 of 310000 complete in 10.0 sec
[----------       28%                  ] 88637 of 310000 complete in 10.5 sec
[-----------      29%                  ] 92822 of 310000 complete in 11.0 sec
[-----------      31%                  ] 97055 of 310000 complete in 11.5 sec
[------------     32%                  ] 101296 of 310000 complete in 12.0 sec
[------------     34%                  ] 105543 of 310000 complete in 12.5 sec
[-------------    35%                  ] 109786 of 310000 complete in 13.0 sec
[-------------    36%                  ] 113975 of 310000 complete in 13.5 sec
[--------------   38%                  ] 118150 of 310000 complete in 14.0 sec
[---------------  39%                  ] 122395 of 310000 complete in 14.5 sec
[---------------  40%                  ] 126630 of 310000 complete in 15.0 sec
[---------------- 42%                  ] 130871 of 310000 complete in 15.5 sec
[---------------- 43%                  ] 135120 of 310000 complete in 16.0 sec
[-----------------44%                  ] 139321 of 310000 complete in 16.5 sec
[-----------------46%                  ] 143505 of 310000 complete in 17.0 sec
[-----------------47%                  ] 147758 of 310000 complete in 17.5 sec
[-----------------49%                  ] 151998 of 310000 complete in 18.0 sec
[-----------------50%                  ] 156190 of 310000 complete in 18.5 sec
[-----------------51%                  ] 160376 of 310000 complete in 19.0 sec
[-----------------53%                  ] 164571 of 310000 complete in 19.5 sec
[-----------------54%                  ] 168768 of 310000 complete in 20.0 sec
[-----------------55%-                 ] 173004 of 310000 complete in 20.5 sec
[-----------------57%-                 ] 177236 of 310000 complete in 21.0 sec
[-----------------58%--                ] 181488 of 310000 complete in 21.5 sec
[-----------------59%--                ] 185738 of 310000 complete in 22.0 sec
[-----------------61%---               ] 189941 of 310000 complete in 22.5 sec
[-----------------62%---               ] 194125 of 310000 complete in 23.0 sec
[-----------------63%----              ] 198354 of 310000 complete in 23.5 sec
[-----------------65%----              ] 202593 of 310000 complete in 24.0 sec
[-----------------66%-----             ] 206849 of 310000 complete in 24.5 sec
[-----------------68%-----             ] 211103 of 310000 complete i/home/tnguye46/opt/anaconda/lib/python2.7/site-packages/matplotlib/collections.py:590: FutureWarning: elementwise comparison failed; returning scalar instead, but in the future will perform elementwise comparison
  if self._edgecolors == str('face'):
n 25.0 sec
[-----------------69%------            ] 215310 of 310000 complete in 25.5 sec
[-----------------70%------            ] 219491 of 310000 complete in 26.0 sec
[-----------------72%-------           ] 223672 of 310000 complete in 26.5 sec
[-----------------73%-------           ] 227852 of 310000 complete in 27.0 sec
[-----------------74%--------          ] 232042 of 310000 complete in 27.5 sec
[-----------------76%--------          ] 236219 of 310000 complete in 28.0 sec
[-----------------77%---------         ] 240460 of 310000 complete in 28.5 sec
[-----------------78%---------         ] 244721 of 310000 complete in 29.0 sec
[-----------------80%----------        ] 248920 of 310000 complete in 29.5 sec
[-----------------81%-----------       ] 253118 of 310000 complete in 30.0 sec
[-----------------83%-----------       ] 257348 of 310000 complete in 30.5 sec
[-----------------84%------------      ] 261587 of 310000 complete in 31.0 sec
[-----------------85%------------      ] 265780 of 310000 complete in 31.5 sec
[-----------------87%-------------     ] 269969 of 310000 complete in 32.0 sec
[-----------------88%-------------     ] 274197 of 310000 complete in 32.5 sec
[-----------------89%--------------    ] 278443 of 310000 complete in 33.0 sec
[-----------------91%--------------    ] 282690 of 310000 complete in 33.5 sec
[-----------------92%---------------   ] 286930 of 310000 complete in 34.0 sec
[-----------------93%---------------   ] 291183 of 310000 complete in 34.5 sec
[-----------------95%----------------  ] 295435 of 310000 complete in 35.0 sec
[-----------------96%----------------  ] 299626 of 310000 complete in 35.5 sec
[-----------------98%----------------- ] 303813 of 310000 complete in 36.0 sec
[-----------------99%----------------- ] 307995 of 310000 complete in 36.5 sec
[-----------------100%-----------------] 310000 of 310000 complete in 36.7 sec
Plotting DeltaH
Plotting P0
Plotting DeltaG


MCMC estimates:
DeltaH    (std) =        -5.33088 (        0.03237)
P0        (std) =         0.02289 (        0.00009)
DeltaG    (std) =        -9.26802 (        0.05133)
DONE
Fri Feb  9 15:13:02 CST 2018
