Fri Feb  9 00:39:47 CST 2018
variables ['DeltaG', 'DeltaH', 'P0']
Inputs:
DeltaH    (std) =        -2.14600 (        0.00943)
P0        (std) =         0.04795 (        0.00013)
DeltaG    (std) =        -9.08317 (        0.04297)
[                  1%                  ] 3695 of 310000 complete in 0.5 sec
[                  2%                  ] 7402 of 310000 complete in 1.0 sec
[-                 3%                  ] 11106 of 310000 complete in 1.5 sec
[-                 4%                  ] 14802 of 310000 complete in 2.0 sec
[--                5%                  ] 18493 of 310000 complete in 2.5 sec
[--                7%                  ] 22194 of 310000 complete in 3.0 sec
[---               8%                  ] 25889 of 310000 complete in 3.5 sec
[---               9%                  ] 29584 of 310000 complete in 4.0 sec
[----             10%                  ] 33285 of 310000 complete in 4.5 sec
[----             11%                  ] 36970 of 310000 complete in 5.0 sec
[----             13%                  ] 40665 of 310000 complete in 5.5 sec
[-----            14%                  ] 44364 of 310000 complete in 6.0 sec
[-----            15%                  ] 48060 of 310000 complete in 6.5 sec
[------           16%                  ] 51760 of 310000 complete in 7.0 sec
[------           17%                  ] 55463 of 310000 complete in 7.5 sec
[-------          19%                  ] 59140 of 310000 complete in 8.0 sec
[-------          20%                  ] 62798 of 310000 complete in 8.5 sec
[--------         21%                  ] 66497 of 310000 complete in 9.0 sec
[--------         22%                  ] 70190 of 310000 complete in 9.5 sec
[---------        23%                  ] 73873 of 310000 complete in 10.0 sec
[---------        25%                  ] 77573 of 310000 complete in 10.5 sec
[---------        26%                  ] 81273 of 310000 complete in 11.0 sec
[----------       27%                  ] 84965 of 310000 complete in 11.5 sec
[----------       28%                  ] 88663 of 310000 complete in 12.0 sec
[-----------      29%                  ] 92359 of 310000 complete in 12.5 sec
[-----------      30%                  ] 95990 of 310000 complete in 13.0 sec
[------------     32%                  ] 99686 of 310000 complete in 13.5 sec
[------------     33%                  ] 103388 of 310000 complete in 14.0 sec
[-------------    34%                  ] 107071 of 310000 complete in 14.5 sec
[-------------    35%                  ] 110770 of 310000 complete in 15.0 sec
[--------------   36%                  ] 114434 of 310000 complete in 15.5 sec
[--------------   38%                  ] 118125 of 310000 complete in 16.0 sec
[--------------   39%                  ] 121815 of 310000 complete in 16.5 sec
[---------------  40%                  ] 125504 of 310000 complete in 17.0 sec
[---------------  41%                  ] 129194 of 310000 complete in 17.5 sec
[---------------- 42%                  ] 132887 of 310000 complete in 18.0 sec
[---------------- 44%                  ] 136568 of 310000 complete in 18.5 sec
[-----------------45%                  ] 140259 of 310000 complete in 19.0 sec
[-----------------46%                  ] 143922 of 310000 complete in 19.5 sec
[-----------------47%                  ] 147565 of 310000 complete in 20.0 sec
[-----------------48%                  ] 151252 of 310000 complete in 20.5 sec
[-----------------49%                  ] 154942 of 310000 complete in 21.0 sec
[-----------------51%                  ] 158619 of 310000 complete in 21.5 sec
[-----------------52%                  ] 162312 of 310000 complete in 22.0 sec
[-----------------53%                  ] 165992 of 310000 complete in 22.5 sec
[-----------------54%                  ] 169673 of 310000 complete in 23.0 sec
[-----------------55%-                 ] 173350 of 310000 complete in 23.5 sec
[-----------------57%-                 ] 177031 of 310000 complete in 24.0 sec
[-----------------58%--                ] 180708 of 310000 complete in 24.5 sec
[-----------------59%--                ] 184386 of 310000 complete in 25/home/tnguye46/opt/anaconda/lib/python2.7/site-packages/matplotlib/collections.py:590: FutureWarning: elementwise comparison failed; returning scalar instead, but in the future will perform elementwise comparison
  if self._edgecolors == str('face'):
.0 sec
[-----------------60%---               ] 188069 of 310000 complete in 25.5 sec
[-----------------61%---               ] 191712 of 310000 complete in 26.0 sec
[-----------------63%---               ] 195389 of 310000 complete in 26.5 sec
[-----------------64%----              ] 199070 of 310000 complete in 27.0 sec
[-----------------65%----              ] 202719 of 310000 complete in 27.5 sec
[-----------------66%-----             ] 206338 of 310000 complete in 28.0 sec
[-----------------67%-----             ] 210018 of 310000 complete in 28.5 sec
[-----------------68%------            ] 213634 of 310000 complete in 29.0 sec
[-----------------70%------            ] 217308 of 310000 complete in 29.5 sec
[-----------------71%-------           ] 220991 of 310000 complete in 30.0 sec
[-----------------72%-------           ] 224666 of 310000 complete in 30.5 sec
[-----------------73%-------           ] 228349 of 310000 complete in 31.0 sec
[-----------------74%--------          ] 231983 of 310000 complete in 31.5 sec
[-----------------76%--------          ] 235638 of 310000 complete in 32.0 sec
[-----------------77%---------         ] 239311 of 310000 complete in 32.5 sec
[-----------------78%---------         ] 242991 of 310000 complete in 33.0 sec
[-----------------79%----------        ] 246661 of 310000 complete in 33.5 sec
[-----------------80%----------        ] 250333 of 310000 complete in 34.0 sec
[-----------------81%-----------       ] 254007 of 310000 complete in 34.5 sec
[-----------------83%-----------       ] 257659 of 310000 complete in 35.0 sec
[-----------------84%------------      ] 261331 of 310000 complete in 35.5 sec
[-----------------85%------------      ] 265010 of 310000 complete in 36.0 sec
[-----------------86%------------      ] 268685 of 310000 complete in 36.5 sec
[-----------------87%-------------     ] 272352 of 310000 complete in 37.0 sec
[-----------------89%-------------     ] 276028 of 310000 complete in 37.5 sec
[-----------------90%--------------    ] 279714 of 310000 complete in 38.0 sec
[-----------------91%--------------    ] 283395 of 310000 complete in 38.5 sec
[-----------------92%---------------   ] 287070 of 310000 complete in 39.0 sec
[-----------------93%---------------   ] 290751 of 310000 complete in 39.5 sec
[-----------------94%----------------  ] 294432 of 310000 complete in 40.0 sec
[-----------------96%----------------  ] 298115 of 310000 complete in 40.5 sec
[-----------------97%----------------  ] 301801 of 310000 complete in 41.0 sec
[-----------------98%----------------- ] 305476 of 310000 complete in 41.5 sec
[-----------------99%----------------- ] 309159 of 310000 complete in 42.0 sec
[-----------------100%-----------------] 310000 of 310000 complete in 42.1 sec
Plotting DeltaG
Plotting DeltaH
Plotting P0


MCMC estimates:
DeltaH    (std) =        -2.14577 (        0.00931)
P0        (std) =         0.04795 (        0.00013)
DeltaG    (std) =        -9.08235 (        0.04361)
DONE
Fri Feb  9 00:40:34 CST 2018
