Fri Feb  9 00:38:59 CST 2018
variables ['DeltaG', 'DeltaH', 'P0']
Inputs:
DeltaH    (std) =        -2.18400 (        0.01610)
P0        (std) =         0.05250 (        0.00024)
DeltaG    (std) =        -8.97175 (        0.06915)
[                  0%                  ] 2166 of 310000 complete in 0.5 sec
[                  1%                  ] 5961 of 310000 complete in 1.0 sec
[-                 3%                  ] 9789 of 310000 complete in 1.5 sec
[-                 4%                  ] 13601 of 310000 complete in 2.0 sec
[--                5%                  ] 17410 of 310000 complete in 2.5 sec
[--                6%                  ] 21221 of 310000 complete in 3.0 sec
[---               8%                  ] 25026 of 310000 complete in 3.5 sec
[---               9%                  ] 28828 of 310000 complete in 4.0 sec
[----             10%                  ] 32637 of 310000 complete in 4.5 sec
[----             11%                  ] 36453 of 310000 complete in 5.0 sec
[----             12%                  ] 40253 of 310000 complete in 5.5 sec
[-----            14%                  ] 44063 of 310000 complete in 6.0 sec
[-----            15%                  ] 47877 of 310000 complete in 6.5 sec
[------           16%                  ] 51687 of 310000 complete in 7.0 sec
[------           17%                  ] 55484 of 310000 complete in 7.5 sec
[-------          19%                  ] 59297 of 310000 complete in 8.0 sec
[-------          20%                  ] 63101 of 310000 complete in 8.5 sec
[--------         21%                  ] 66912 of 310000 complete in 9.0 sec
[--------         22%                  ] 70727 of 310000 complete in 9.5 sec
[---------        24%                  ] 74530 of 310000 complete in 10.0 sec
[---------        25%                  ] 78346 of 310000 complete in 10.5 sec
[----------       26%                  ] 82159 of 310000 complete in 11.0 sec
[----------       27%                  ] 85969 of 310000 complete in 11.5 sec
[-----------      28%                  ] 89781 of 310000 complete in 12.0 sec
[-----------      30%                  ] 93594 of 310000 complete in 12.5 sec
[-----------      31%                  ] 97408 of 310000 complete in 13.0 sec
[------------     32%                  ] 101219 of 310000 complete in 13.5 sec
[------------     33%                  ] 105032 of 310000 complete in 14.0 sec
[-------------    35%                  ] 108846 of 310000 complete in 14.5 sec
[-------------    36%                  ] 112645 of 310000 complete in 15.0 sec
[--------------   37%                  ] 116460 of 310000 complete in 15.5 sec
[--------------   38%                  ] 120245 of 310000 complete in 16.0 sec
[---------------  40%                  ] 124028 of 310000 complete in 16.5 sec
[---------------  41%                  ] 127838 of 310000 complete in 17.0 sec
[---------------- 42%                  ] 131646 of 310000 complete in 17.5 sec
[---------------- 43%                  ] 135451 of 310000 complete in 18.0 sec
[-----------------44%                  ] 139258 of 310000 complete in 18.5 sec
[-----------------46%                  ] 143057 of 310000 complete in 19.0 sec
[-----------------47%                  ] 146868 of 310000 complete in 19.5 sec
[-----------------48%                  ] 150660 of 310000 complete in 20.0 sec
[-----------------49%                  ] 154469 of 310000 complete in 20.5 sec
[-----------------51%                  ] 158251 of 310000 complete in 21.0 sec
[-----------------52%                  ] 162056 of 310000 complete in 21.5 sec
[-----------------53%                  ] 165870 of 310000 complete in 22.0 sec
[-----------------54%                  ] 169684 of 310000 complete in 22.5 sec
[-----------------55%-                 ] 173494 of 310000 complete in 23.0 sec
[-----------------57%-                 ] 177310 of 310000 complete in 23.5 sec
[-----------------58%--                ] 181121 of 310000 complete in 24.0 sec
[-----------------59%--                ] 184934 of 310000 complete in 24.5 sec
[-----------------60%---               ] 188754 of 310000 complete in 25/home/tnguye46/opt/anaconda/lib/python2.7/site-packages/matplotlib/collections.py:590: FutureWarning: elementwise comparison failed; returning scalar instead, but in the future will perform elementwise comparison
  if self._edgecolors == str('face'):
.0 sec
[-----------------62%---               ] 192555 of 310000 complete in 25.5 sec
[-----------------63%----              ] 196362 of 310000 complete in 26.0 sec
[-----------------64%----              ] 200177 of 310000 complete in 26.5 sec
[-----------------65%-----             ] 203991 of 310000 complete in 27.0 sec
[-----------------67%-----             ] 207803 of 310000 complete in 27.5 sec
[-----------------68%-----             ] 211616 of 310000 complete in 28.0 sec
[-----------------69%------            ] 215432 of 310000 complete in 28.5 sec
[-----------------70%------            ] 219249 of 310000 complete in 29.0 sec
[-----------------71%-------           ] 223062 of 310000 complete in 29.5 sec
[-----------------73%-------           ] 226866 of 310000 complete in 30.0 sec
[-----------------74%--------          ] 230675 of 310000 complete in 30.5 sec
[-----------------75%--------          ] 234487 of 310000 complete in 31.0 sec
[-----------------76%---------         ] 238301 of 310000 complete in 31.5 sec
[-----------------78%---------         ] 242115 of 310000 complete in 32.0 sec
[-----------------79%----------        ] 245926 of 310000 complete in 32.5 sec
[-----------------80%----------        ] 249737 of 310000 complete in 33.0 sec
[-----------------81%-----------       ] 253544 of 310000 complete in 33.5 sec
[-----------------83%-----------       ] 257355 of 310000 complete in 34.0 sec
[-----------------84%------------      ] 261166 of 310000 complete in 34.5 sec
[-----------------85%------------      ] 264969 of 310000 complete in 35.0 sec
[-----------------86%------------      ] 268785 of 310000 complete in 35.5 sec
[-----------------87%-------------     ] 272594 of 310000 complete in 36.0 sec
[-----------------89%-------------     ] 276407 of 310000 complete in 36.5 sec
[-----------------90%--------------    ] 280216 of 310000 complete in 37.0 sec
[-----------------91%--------------    ] 284029 of 310000 complete in 37.5 sec
[-----------------92%---------------   ] 287845 of 310000 complete in 38.0 sec
[-----------------94%---------------   ] 291656 of 310000 complete in 38.5 sec
[-----------------95%----------------  ] 295472 of 310000 complete in 39.0 sec
[-----------------96%----------------  ] 299283 of 310000 complete in 39.5 sec
[-----------------97%----------------- ] 303086 of 310000 complete in 40.0 sec
[-----------------98%----------------- ] 306897 of 310000 complete in 40.5 sec
[-----------------100%-----------------] 310000 of 310000 complete in 40.9 sec
Plotting DeltaG
Plotting DeltaH
Plotting P0


MCMC estimates:
DeltaH    (std) =        -2.18400 (        0.01615)
P0        (std) =         0.05250 (        0.00024)
DeltaG    (std) =        -8.97091 (        0.07055)
DONE
Fri Feb  9 00:39:46 CST 2018
