Fri Feb  9 15:12:19 CST 2018
variables ['DeltaG', 'DeltaH', 'P0']
Inputs:
DeltaH    (std) =        -5.21989 (        0.10079)
P0        (std) =         0.02847 (        0.00034)
DeltaG    (std) =        -9.26554 (        0.17612)
[                  1%                  ] 3624 of 310000 complete in 0.5 sec
[                  2%                  ] 7246 of 310000 complete in 1.0 sec
[-                 3%                  ] 10860 of 310000 complete in 1.5 sec
[-                 4%                  ] 14484 of 310000 complete in 2.0 sec
[--                5%                  ] 18065 of 310000 complete in 2.5 sec
[--                6%                  ] 21649 of 310000 complete in 3.0 sec
[---               8%                  ] 25245 of 310000 complete in 3.5 sec
[---               9%                  ] 28839 of 310000 complete in 4.0 sec
[---              10%                  ] 32452 of 310000 complete in 4.5 sec
[----             11%                  ] 36057 of 310000 complete in 5.0 sec
[----             12%                  ] 39679 of 310000 complete in 5.5 sec
[-----            13%                  ] 43273 of 310000 complete in 6.0 sec
[-----            15%                  ] 46882 of 310000 complete in 6.5 sec
[------           16%                  ] 50504 of 310000 complete in 7.0 sec
[------           17%                  ] 54115 of 310000 complete in 7.5 sec
[-------          18%                  ] 57731 of 310000 complete in 8.0 sec
[-------          19%                  ] 61326 of 310000 complete in 8.5 sec
[-------          20%                  ] 64948 of 310000 complete in 9.0 sec
[--------         22%                  ] 68586 of 310000 complete in 9.5 sec
[--------         23%                  ] 72194 of 310000 complete in 10.0 sec
[---------        24%                  ] 75817 of 310000 complete in 10.5 sec
[---------        25%                  ] 79409 of 310000 complete in 11.0 sec
[----------       26%                  ] 83028 of 310000 complete in 11.5 sec
[----------       27%                  ] 86654 of 310000 complete in 12.0 sec
[-----------      29%                  ] 90264 of 310000 complete in 12.5 sec
[-----------      30%                  ] 93884 of 310000 complete in 13.0 sec
[-----------      31%                  ] 97481 of 310000 complete in 13.5 sec
[------------     32%                  ] 101088 of 310000 complete in 14.0 sec
[------------     33%                  ] 104707 of 310000 complete in 14.5 sec
[-------------    34%                  ] 108301 of 310000 complete in 15.0 sec
[-------------    36%                  ] 111904 of 310000 complete in 15.5 sec
[--------------   37%                  ] 115521 of 310000 complete in 16.0 sec
[--------------   38%                  ] 119139 of 310000 complete in 16.5 sec
[---------------  39%                  ] 122730 of 310000 complete in 17.0 sec
[---------------  40%                  ] 126317 of 310000 complete in 17.5 sec
[---------------  41%                  ] 129901 of 310000 complete in 18.0 sec
[---------------- 43%                  ] 133494 of 310000 complete in 18.5 sec
[---------------- 44%                  ] 137128 of 310000 complete in 19.0 sec
[-----------------45%                  ] 140742 of 310000 complete in 19.5 sec
[-----------------46%                  ] 144341 of 310000 complete in 20.0 sec
[-----------------47%                  ] 147952 of 310000 complete in 20.5 sec
[-----------------48%                  ] 151580 of 310000 complete in 21.0 sec
[-----------------50%                  ] 155211 of 310000 complete in 21.5 sec
[-----------------51%                  ] 158806 of 310000 complete in 22.0 sec
[-----------------52%                  ] 162418 of 310000 complete in 22.5 sec
[-----------------53%                  ] 166020 of 310000 complete in 23.0 sec
[-----------------54%                  ] 169617 of 310000 complete in 23.5 sec
[-----------------55%-                 ] 173272 of 310000 complete in 24.0 sec
[-----------------57%-                 ] 176905 of 310000 complete in 24.5 sec
[-----------------58%--                ] 180515 of 310000 complete in 25/home/tnguye46/opt/anaconda/lib/python2.7/site-packages/matplotlib/collections.py:590: FutureWarning: elementwise comparison failed; returning scalar instead, but in the future will perform elementwise comparison
  if self._edgecolors == str('face'):
.0 sec
[-----------------59%--                ] 184111 of 310000 complete in 25.5 sec
[-----------------60%---               ] 187748 of 310000 complete in 26.0 sec
[-----------------61%---               ] 191350 of 310000 complete in 26.5 sec
[-----------------62%---               ] 194949 of 310000 complete in 27.0 sec
[-----------------64%----              ] 198558 of 310000 complete in 27.5 sec
[-----------------65%----              ] 202158 of 310000 complete in 28.0 sec
[-----------------66%-----             ] 205739 of 310000 complete in 28.5 sec
[-----------------67%-----             ] 209344 of 310000 complete in 29.0 sec
[-----------------68%------            ] 212928 of 310000 complete in 29.5 sec
[-----------------69%------            ] 216547 of 310000 complete in 30.0 sec
[-----------------71%------            ] 220180 of 310000 complete in 30.5 sec
[-----------------72%-------           ] 223786 of 310000 complete in 31.0 sec
[-----------------73%-------           ] 227385 of 310000 complete in 31.5 sec
[-----------------74%--------          ] 230997 of 310000 complete in 32.0 sec
[-----------------75%--------          ] 234619 of 310000 complete in 32.5 sec
[-----------------76%---------         ] 238229 of 310000 complete in 33.0 sec
[-----------------78%---------         ] 241860 of 310000 complete in 33.5 sec
[-----------------79%----------        ] 245437 of 310000 complete in 34.0 sec
[-----------------80%----------        ] 249050 of 310000 complete in 34.5 sec
[-----------------81%----------        ] 252668 of 310000 complete in 35.0 sec
[-----------------82%-----------       ] 256269 of 310000 complete in 35.5 sec
[-----------------83%-----------       ] 259853 of 310000 complete in 36.0 sec
[-----------------84%------------      ] 263470 of 310000 complete in 36.5 sec
[-----------------86%------------      ] 267082 of 310000 complete in 37.0 sec
[-----------------87%-------------     ] 270689 of 310000 complete in 37.5 sec
[-----------------88%-------------     ] 274303 of 310000 complete in 38.0 sec
[-----------------89%--------------    ] 277891 of 310000 complete in 38.5 sec
[-----------------90%--------------    ] 281489 of 310000 complete in 39.0 sec
[-----------------91%--------------    ] 285085 of 310000 complete in 39.5 sec
[-----------------93%---------------   ] 288682 of 310000 complete in 40.0 sec
[-----------------94%---------------   ] 291785 of 310000 complete in 40.5 sec
[-----------------95%----------------  ] 295515 of 310000 complete in 41.0 sec
[-----------------96%----------------  ] 299325 of 310000 complete in 41.5 sec
[-----------------97%----------------- ] 303193 of 310000 complete in 42.0 sec
[-----------------99%----------------- ] 307047 of 310000 complete in 42.5 sec
[-----------------100%-----------------] 310000 of 310000 complete in 42.9 sec
Plotting DeltaG
Plotting DeltaH
Plotting P0


MCMC estimates:
DeltaH    (std) =        -5.22047 (        0.09949)
P0        (std) =         0.02847 (        0.00034)
DeltaG    (std) =        -9.26718 (        0.17945)
DONE
Fri Feb  9 15:13:09 CST 2018
