Fri Feb  9 15:12:19 CST 2018
variables ['DeltaG', 'DeltaH', 'P0']
Inputs:
DeltaH    (std) =        -4.45029 (        0.10586)
P0        (std) =         0.02199 (        0.00034)
DeltaG    (std) =        -9.16456 (        0.18728)
[                  1%                  ] 3193 of 310000 complete in 0.5 sec
[                  2%                  ] 6383 of 310000 complete in 1.0 sec
[-                 3%                  ] 9573 of 310000 complete in 1.5 sec
[-                 4%                  ] 12736 of 310000 complete in 2.0 sec
[-                 5%                  ] 15555 of 310000 complete in 2.5 sec
[--                6%                  ] 18702 of 310000 complete in 3.0 sec
[--                7%                  ] 21854 of 310000 complete in 3.5 sec
[---               8%                  ] 25021 of 310000 complete in 4.0 sec
[---               9%                  ] 27951 of 310000 complete in 4.5 sec
[---              10%                  ] 31099 of 310000 complete in 5.0 sec
[----             11%                  ] 34268 of 310000 complete in 5.5 sec
[----             12%                  ] 37424 of 310000 complete in 6.0 sec
[----             13%                  ] 40576 of 310000 complete in 6.5 sec
[-----            14%                  ] 43736 of 310000 complete in 7.0 sec
[-----            15%                  ] 46909 of 310000 complete in 7.5 sec
[------           16%                  ] 50077 of 310000 complete in 8.0 sec
[------           17%                  ] 53225 of 310000 complete in 8.5 sec
[------           18%                  ] 56378 of 310000 complete in 9.0 sec
[-------          19%                  ] 59549 of 310000 complete in 9.5 sec
[-------          20%                  ] 62727 of 310000 complete in 10.0 sec
[--------         21%                  ] 65900 of 310000 complete in 10.5 sec
[--------         22%                  ] 69050 of 310000 complete in 11.0 sec
[--------         23%                  ] 72205 of 310000 complete in 11.5 sec
[---------        24%                  ] 75366 of 310000 complete in 12.0 sec
[---------        25%                  ] 78535 of 310000 complete in 12.5 sec
[----------       26%                  ] 81683 of 310000 complete in 13.0 sec
[----------       27%                  ] 84842 of 310000 complete in 13.5 sec
[----------       28%                  ] 88000 of 310000 complete in 14.0 sec
[-----------      29%                  ] 91178 of 310000 complete in 14.5 sec
[-----------      30%                  ] 94340 of 310000 complete in 15.0 sec
[-----------      31%                  ] 97492 of 310000 complete in 15.5 sec
[------------     32%                  ] 100649 of 310000 complete in 16.0 sec
[------------     33%                  ] 103817 of 310000 complete in 16.5 sec
[-------------    34%                  ] 106980 of 310000 complete in 17.0 sec
[-------------    35%                  ] 110132 of 310000 complete in 17.5 sec
[-------------    36%                  ] 113284 of 310000 complete in 18.0 sec
[--------------   37%                  ] 116449 of 310000 complete in 18.5 sec
[--------------   38%                  ] 119623 of 310000 complete in 19.0 sec
[---------------  39%                  ] 122778 of 310000 complete in 19.5 sec
[---------------  40%                  ] 125661 of 310000 complete in 20.0 sec
[---------------  41%                  ] 128827 of 310000 complete in 20.5 sec
[---------------- 42%                  ] 131993 of 310000 complete in 21.0 sec
[---------------- 43%                  ] 135161 of 310000 complete in 21.5 sec
[---------------- 44%                  ] 138329 of 310000 complete in 22.0 sec
[-----------------45%                  ] 141500 of 310000 complete in 22.5 sec
[-----------------46%                  ] 144667 of 310000 complete in 23.0 sec
[-----------------47%                  ] 147834 of 310000 complete in 23.5 sec
[-----------------48%                  ] 151007 of 310000 complete in 24.0 sec
[-----------------49%                  ] 154177 of 310000 complete in 24.5 sec
[-----------------50%                  ] 157348 of 310000 complete in 25.0 se/home/tnguye46/opt/anaconda/lib/python2.7/site-packages/matplotlib/collections.py:590: FutureWarning: elementwise comparison failed; returning scalar instead, but in the future will perform elementwise comparison
  if self._edgecolors == str('face'):
c
[-----------------51%                  ] 160520 of 310000 complete in 25.5 sec
[-----------------52%                  ] 163695 of 310000 complete in 26.0 sec
[-----------------53%                  ] 166871 of 310000 complete in 26.5 sec
[-----------------54%                  ] 170053 of 310000 complete in 27.0 sec
[-----------------55%-                 ] 173241 of 310000 complete in 27.5 sec
[-----------------56%-                 ] 176425 of 310000 complete in 28.0 sec
[-----------------57%--                ] 179604 of 310000 complete in 28.5 sec
[-----------------58%--                ] 182783 of 310000 complete in 29.0 sec
[-----------------59%--                ] 185959 of 310000 complete in 29.5 sec
[-----------------61%---               ] 189132 of 310000 complete in 30.0 sec
[-----------------62%---               ] 192303 of 310000 complete in 30.5 sec
[-----------------63%---               ] 195472 of 310000 complete in 31.0 sec
[-----------------64%----              ] 198648 of 310000 complete in 31.5 sec
[-----------------65%----              ] 201819 of 310000 complete in 32.0 sec
[-----------------66%-----             ] 204987 of 310000 complete in 32.5 sec
[-----------------67%-----             ] 208155 of 310000 complete in 33.0 sec
[-----------------68%-----             ] 211318 of 310000 complete in 33.5 sec
[-----------------69%------            ] 214471 of 310000 complete in 34.0 sec
[-----------------70%------            ] 217612 of 310000 complete in 34.5 sec
[-----------------71%-------           ] 220753 of 310000 complete in 35.0 sec
[-----------------72%-------           ] 223937 of 310000 complete in 35.5 sec
[-----------------73%-------           ] 227089 of 310000 complete in 36.0 sec
[-----------------74%--------          ] 230238 of 310000 complete in 36.5 sec
[-----------------75%--------          ] 233353 of 310000 complete in 37.0 sec
[-----------------76%--------          ] 236497 of 310000 complete in 37.5 sec
[-----------------77%---------         ] 239628 of 310000 complete in 38.0 sec
[-----------------78%---------         ] 242755 of 310000 complete in 38.5 sec
[-----------------79%----------        ] 245826 of 310000 complete in 39.0 sec
[-----------------80%----------        ] 248917 of 310000 complete in 39.5 sec
[-----------------81%----------        ] 252031 of 310000 complete in 40.0 sec
[-----------------82%-----------       ] 255179 of 310000 complete in 40.5 sec
[-----------------83%-----------       ] 258353 of 310000 complete in 41.0 sec
[-----------------84%------------      ] 261566 of 310000 complete in 41.5 sec
[-----------------85%------------      ] 265158 of 310000 complete in 42.0 sec
[-----------------86%------------      ] 268872 of 310000 complete in 42.5 sec
[-----------------87%-------------     ] 272593 of 310000 complete in 43.0 sec
[-----------------89%-------------     ] 276280 of 310000 complete in 43.5 sec
[-----------------90%--------------    ] 279966 of 310000 complete in 44.0 sec
[-----------------91%--------------    ] 283699 of 310000 complete in 44.5 sec
[-----------------92%---------------   ] 287418 of 310000 complete in 45.0 sec
[-----------------93%---------------   ] 291130 of 310000 complete in 45.5 sec
[-----------------95%----------------  ] 294845 of 310000 complete in 46.0 sec
[-----------------96%----------------  ] 298537 of 310000 complete in 46.5 sec
[-----------------97%----------------- ] 302066 of 310000 complete in 47.0 sec
[-----------------98%----------------- ] 305597 of 310000 complete in 47.5 sec
[-----------------99%----------------- ] 309125 of 310000 complete in 48.0 sec
[-----------------100%-----------------] 310000 of 310000 complete in 48.1 sec
Plotting DeltaH
Plotting P0
Plotting DeltaG


MCMC estimates:
DeltaH    (std) =        -4.44885 (        0.10685)
P0        (std) =         0.02199 (        0.00035)
DeltaG    (std) =        -9.16245 (        0.18576)
DONE
Fri Feb  9 15:13:14 CST 2018
