Fri Feb  9 00:46:40 CST 2018
variables ['DeltaG', 'DeltaH', 'P0']
Inputs:
DeltaH    (std) =       -10.51000 (        0.04000)
P0        (std) =         0.02800 (        0.00008)
DeltaG    (std) =        -8.19138 (        0.01760)
[                  1%                  ] 3865 of 310000 complete in 0.5 sec
[                  2%                  ] 7726 of 310000 complete in 1.0 sec
[-                 3%                  ] 11590 of 310000 complete in 1.5 sec
[-                 4%                  ] 15442 of 310000 complete in 2.0 sec
[--                6%                  ] 19305 of 310000 complete in 2.5 sec
[--                7%                  ] 23164 of 310000 complete in 3.0 sec
[---               8%                  ] 27016 of 310000 complete in 3.5 sec
[---               9%                  ] 30868 of 310000 complete in 4.0 sec
[----             11%                  ] 34719 of 310000 complete in 4.5 sec
[----             12%                  ] 38575 of 310000 complete in 5.0 sec
[-----            13%                  ] 42430 of 310000 complete in 5.5 sec
[-----            14%                  ] 46286 of 310000 complete in 6.0 sec
[------           16%                  ] 50136 of 310000 complete in 6.5 sec
[------           17%                  ] 53982 of 310000 complete in 7.0 sec
[-------          18%                  ] 57841 of 310000 complete in 7.5 sec
[-------          19%                  ] 61700 of 310000 complete in 8.0 sec
[--------         21%                  ] 65561 of 310000 complete in 8.5 sec
[--------         22%                  ] 69416 of 310000 complete in 9.0 sec
[--------         23%                  ] 73270 of 310000 complete in 9.5 sec
[---------        24%                  ] 76927 of 310000 complete in 10.0 sec
[---------        26%                  ] 80785 of 310000 complete in 10.5 sec
[----------       27%                  ] 84636 of 310000 complete in 11.0 sec
[----------       28%                  ] 88489 of 310000 complete in 11.5 sec
[-----------      29%                  ] 92343 of 310000 complete in 12.0 sec
[-----------      31%                  ] 96196 of 310000 complete in 12.5 sec
[------------     32%                  ] 100049 of 310000 complete in 13.0 sec
[------------     33%                  ] 103904 of 310000 complete in 13.5 sec
[-------------    34%                  ] 107764 of 310000 complete in 14.0 sec
[-------------    36%                  ] 111617 of 310000 complete in 14.5 sec
[--------------   37%                  ] 115402 of 310000 complete in 15.0 sec
[--------------   38%                  ] 119256 of 310000 complete in 15.5 sec
[---------------  39%                  ] 123111 of 310000 complete in 16.0 sec
[---------------  40%                  ] 126965 of 310000 complete in 16.5 sec
[---------------- 42%                  ] 130810 of 310000 complete in 17.0 sec
[---------------- 43%                  ] 134662 of 310000 complete in 17.5 sec
[---------------- 44%                  ] 138521 of 310000 complete in 18.0 sec
[-----------------45%                  ] 142382 of 310000 complete in 18.5 sec
[-----------------47%                  ] 146233 of 310000 complete in 19.0 sec
[-----------------48%                  ] 150095 of 310000 complete in 19.5 sec
[-----------------49%                  ] 153711 of 310000 complete in 20.0 sec
[-----------------50%                  ] 157568 of 310000 complete in 20.5 sec
[-----------------52%                  ] 161424 of 310000 complete in 21.0 sec
[-----------------53%                  ] 165279 of 310000 complete in 21.5 sec
[-----------------54%                  ] 169130 of 310000 complete in 22.0 sec
[-----------------55%-                 ] 172985 of 310000 complete in 22.5 sec
[-----------------57%-                 ] 176845 of 310000 complete in 23.0 sec
[-----------------58%--                ] 180699 of 310000 complete in 23.5 sec
[-----------------59%--                ] 184555 of 310000 complete in 24.0 sec
[-----------------60%---               ] 188406 of 310000 complete in 24.5 sec
[-----------------62%---               ] 192269 of 310000 complete in /home/tnguye46/opt/anaconda/lib/python2.7/site-packages/matplotlib/collections.py:590: FutureWarning: elementwise comparison failed; returning scalar instead, but in the future will perform elementwise comparison
  if self._edgecolors == str('face'):
25.0 sec
[-----------------63%----              ] 196120 of 310000 complete in 25.5 sec
[-----------------64%----              ] 199973 of 310000 complete in 26.0 sec
[-----------------65%----              ] 203832 of 310000 complete in 26.5 sec
[-----------------66%-----             ] 207684 of 310000 complete in 27.0 sec
[-----------------68%-----             ] 211538 of 310000 complete in 27.5 sec
[-----------------69%------            ] 215394 of 310000 complete in 28.0 sec
[-----------------70%------            ] 219252 of 310000 complete in 28.5 sec
[-----------------71%-------           ] 223107 of 310000 complete in 29.0 sec
[-----------------73%-------           ] 226961 of 310000 complete in 29.5 sec
[-----------------74%--------          ] 230806 of 310000 complete in 30.0 sec
[-----------------75%--------          ] 234666 of 310000 complete in 30.5 sec
[-----------------76%---------         ] 238519 of 310000 complete in 31.0 sec
[-----------------78%---------         ] 242368 of 310000 complete in 31.5 sec
[-----------------79%----------        ] 246227 of 310000 complete in 32.0 sec
[-----------------80%----------        ] 250077 of 310000 complete in 32.5 sec
[-----------------81%-----------       ] 253940 of 310000 complete in 33.0 sec
[-----------------83%-----------       ] 257794 of 310000 complete in 33.5 sec
[-----------------84%------------      ] 261654 of 310000 complete in 34.0 sec
[-----------------85%------------      ] 265507 of 310000 complete in 34.5 sec
[-----------------86%-------------     ] 269364 of 310000 complete in 35.0 sec
[-----------------88%-------------     ] 273221 of 310000 complete in 35.5 sec
[-----------------89%-------------     ] 277074 of 310000 complete in 36.0 sec
[-----------------90%--------------    ] 280931 of 310000 complete in 36.5 sec
[-----------------91%--------------    ] 284786 of 310000 complete in 37.0 sec
[-----------------93%---------------   ] 288636 of 310000 complete in 37.5 sec
[-----------------94%---------------   ] 292488 of 310000 complete in 38.0 sec
[-----------------95%----------------  ] 296344 of 310000 complete in 38.5 sec
[-----------------96%----------------  ] 300199 of 310000 complete in 39.0 sec
[-----------------98%----------------- ] 304050 of 310000 complete in 39.5 sec
[-----------------99%----------------- ] 307828 of 310000 complete in 40.0 sec
[-----------------100%-----------------] 310000 of 310000 complete in 40.3 sec
Plotting DeltaH
Plotting P0
Plotting DeltaG


MCMC estimates:
DeltaH    (std) =       -10.51068 (        0.03934)
P0        (std) =         0.02800 (        0.00009)
DeltaG    (std) =        -8.19112 (        0.01760)
DONE
Fri Feb  9 00:47:27 CST 2018
