Fri Feb  9 15:12:19 CST 2018
variables ['DeltaG', 'DeltaH', 'P0']
Inputs:
DeltaH    (std) =        -5.37900 (        0.04231)
P0        (std) =         0.02214 (        0.00011)
DeltaG    (std) =        -9.25297 (        0.06277)
[                  1%                  ] 3737 of 310000 complete in 0.5 sec
[                  2%                  ] 7462 of 310000 complete in 1.0 sec
[-                 3%                  ] 11155 of 310000 complete in 1.5 sec
[-                 4%                  ] 14868 of 310000 complete in 2.0 sec
[--                5%                  ] 18590 of 310000 complete in 2.5 sec
[--                7%                  ] 22299 of 310000 complete in 3.0 sec
[---               8%                  ] 25902 of 310000 complete in 3.5 sec
[---               9%                  ] 29612 of 310000 complete in 4.0 sec
[----             10%                  ] 33354 of 310000 complete in 4.5 sec
[----             11%                  ] 37070 of 310000 complete in 5.0 sec
[----             13%                  ] 40747 of 310000 complete in 5.5 sec
[-----            14%                  ] 44467 of 310000 complete in 6.0 sec
[-----            15%                  ] 48179 of 310000 complete in 6.5 sec
[------           16%                  ] 51905 of 310000 complete in 7.0 sec
[------           17%                  ] 55602 of 310000 complete in 7.5 sec
[-------          19%                  ] 59303 of 310000 complete in 8.0 sec
[-------          20%                  ] 63045 of 310000 complete in 8.5 sec
[--------         21%                  ] 66754 of 310000 complete in 9.0 sec
[--------         22%                  ] 70448 of 310000 complete in 9.5 sec
[---------        23%                  ] 74159 of 310000 complete in 10.0 sec
[---------        25%                  ] 77870 of 310000 complete in 10.5 sec
[----------       26%                  ] 81589 of 310000 complete in 11.0 sec
[----------       27%                  ] 85299 of 310000 complete in 11.5 sec
[----------       28%                  ] 88979 of 310000 complete in 12.0 sec
[-----------      29%                  ] 92718 of 310000 complete in 12.5 sec
[-----------      31%                  ] 96440 of 310000 complete in 13.0 sec
[------------     32%                  ] 100150 of 310000 complete in 13.5 sec
[------------     33%                  ] 103860 of 310000 complete in 14.0 sec
[-------------    34%                  ] 107574 of 310000 complete in 14.5 sec
[-------------    35%                  ] 111315 of 310000 complete in 15.0 sec
[--------------   37%                  ] 115006 of 310000 complete in 15.5 sec
[--------------   38%                  ] 118702 of 310000 complete in 16.0 sec
[---------------  39%                  ] 122446 of 310000 complete in 16.5 sec
[---------------  40%                  ] 126170 of 310000 complete in 17.0 sec
[---------------  41%                  ] 129881 of 310000 complete in 17.5 sec
[---------------- 43%                  ] 133580 of 310000 complete in 18.0 sec
[---------------- 44%                  ] 137293 of 310000 complete in 18.5 sec
[-----------------45%                  ] 141028 of 310000 complete in 19.0 sec
[-----------------46%                  ] 144743 of 310000 complete in 19.5 sec
[-----------------47%                  ] 148431 of 310000 complete in 20.0 sec
[-----------------49%                  ] 152162 of 310000 complete in 20.5 sec
[-----------------50%                  ] 155889 of 310000 complete in 21.0 sec
[-----------------51%                  ] 159599 of 310000 complete in 21.5 sec
[-----------------52%                  ] 163281 of 310000 complete in 22.0 sec
[-----------------53%                  ] 167002 of 310000 complete in 22.5 sec
[-----------------55%                  ] 170722 of 310000 complete in 23.0 sec
[-----------------56%-                 ] 174444 of 310000 complete in 23.5 sec
[-----------------57%-                 ] 178144 of 310000 complete in 24.0 sec
[-----------------58%--                ] 181867 of 310000 complete in 24.5 sec
[-----------------59%--                ] 185592 of 310000 complete in 2/home/tnguye46/opt/anaconda/lib/python2.7/site-packages/matplotlib/collections.py:590: FutureWarning: elementwise comparison failed; returning scalar instead, but in the future will perform elementwise comparison
  if self._edgecolors == str('face'):
5.0 sec
[-----------------61%---               ] 189312 of 310000 complete in 25.5 sec
[-----------------62%---               ] 193005 of 310000 complete in 26.0 sec
[-----------------63%----              ] 196709 of 310000 complete in 26.5 sec
[-----------------64%----              ] 200451 of 310000 complete in 27.0 sec
[-----------------65%-----             ] 204173 of 310000 complete in 27.5 sec
[-----------------67%-----             ] 207876 of 310000 complete in 28.0 sec
[-----------------68%-----             ] 211587 of 310000 complete in 28.5 sec
[-----------------69%------            ] 215308 of 310000 complete in 29.0 sec
[-----------------70%------            ] 219033 of 310000 complete in 29.5 sec
[-----------------71%-------           ] 222741 of 310000 complete in 30.0 sec
[-----------------73%-------           ] 226454 of 310000 complete in 30.5 sec
[-----------------74%--------          ] 230202 of 310000 complete in 31.0 sec
[-----------------75%--------          ] 233925 of 310000 complete in 31.5 sec
[-----------------76%---------         ] 237618 of 310000 complete in 32.0 sec
[-----------------77%---------         ] 241308 of 310000 complete in 32.5 sec
[-----------------79%----------        ] 245034 of 310000 complete in 33.0 sec
[-----------------80%----------        ] 248773 of 310000 complete in 33.5 sec
[-----------------81%----------        ] 252499 of 310000 complete in 34.0 sec
[-----------------82%-----------       ] 256197 of 310000 complete in 34.5 sec
[-----------------83%-----------       ] 259947 of 310000 complete in 35.0 sec
[-----------------85%------------      ] 263672 of 310000 complete in 35.5 sec
[-----------------86%------------      ] 267358 of 310000 complete in 36.0 sec
[-----------------87%-------------     ] 270924 of 310000 complete in 36.5 sec
[-----------------88%-------------     ] 274454 of 310000 complete in 37.0 sec
[-----------------89%--------------    ] 278180 of 310000 complete in 37.5 sec
[-----------------90%--------------    ] 281879 of 310000 complete in 38.0 sec
[-----------------92%--------------    ] 285346 of 310000 complete in 38.5 sec
[-----------------93%---------------   ] 289088 of 310000 complete in 39.0 sec
[-----------------94%---------------   ] 292821 of 310000 complete in 39.5 sec
[-----------------95%----------------  ] 296503 of 310000 complete in 40.0 sec
[-----------------96%----------------  ] 300219 of 310000 complete in 40.5 sec
[-----------------98%----------------- ] 303946 of 310000 complete in 41.0 sec
[-----------------99%----------------- ] 307732 of 310000 complete in 41.5 sec
[-----------------100%-----------------] 310000 of 310000 complete in 41.8 sec
Plotting DeltaH
Plotting P0
Plotting DeltaG


MCMC estimates:
DeltaH    (std) =        -5.37900 (        0.04201)
P0        (std) =         0.02214 (        0.00011)
DeltaG    (std) =        -9.25246 (        0.06232)
DONE
Fri Feb  9 15:13:08 CST 2018
