Fri Feb  9 15:12:19 CST 2018
variables ['DeltaG', 'DeltaH', 'P0']
Inputs:
DeltaH    (std) =        -5.07888 (        0.10380)
P0        (std) =         0.02757 (        0.00036)
DeltaG    (std) =        -9.17469 (        0.17406)
[                  1%                  ] 3205 of 310000 complete in 0.5 sec
[                  2%                  ] 6408 of 310000 complete in 1.0 sec
[-                 3%                  ] 9608 of 310000 complete in 1.5 sec
[-                 4%                  ] 12793 of 310000 complete in 2.0 sec
[-                 5%                  ] 15759 of 310000 complete in 2.5 sec
[--                6%                  ] 18939 of 310000 complete in 3.0 sec
[--                7%                  ] 22121 of 310000 complete in 3.5 sec
[---               8%                  ] 25303 of 310000 complete in 4.0 sec
[---               9%                  ] 28471 of 310000 complete in 4.5 sec
[---              10%                  ] 31650 of 310000 complete in 5.0 sec
[----             11%                  ] 34833 of 310000 complete in 5.5 sec
[----             12%                  ] 38020 of 310000 complete in 6.0 sec
[-----            13%                  ] 41198 of 310000 complete in 6.5 sec
[-----            14%                  ] 44383 of 310000 complete in 7.0 sec
[-----            15%                  ] 47568 of 310000 complete in 7.5 sec
[------           16%                  ] 50751 of 310000 complete in 8.0 sec
[------           17%                  ] 53929 of 310000 complete in 8.5 sec
[-------          18%                  ] 57110 of 310000 complete in 9.0 sec
[-------          19%                  ] 60295 of 310000 complete in 9.5 sec
[-------          20%                  ] 63485 of 310000 complete in 10.0 sec
[--------         21%                  ] 66671 of 310000 complete in 10.5 sec
[--------         22%                  ] 69854 of 310000 complete in 11.0 sec
[--------         23%                  ] 73035 of 310000 complete in 11.5 sec
[---------        24%                  ] 76221 of 310000 complete in 12.0 sec
[---------        25%                  ] 79408 of 310000 complete in 12.5 sec
[----------       26%                  ] 82586 of 310000 complete in 13.0 sec
[----------       27%                  ] 85767 of 310000 complete in 13.5 sec
[----------       28%                  ] 88948 of 310000 complete in 14.0 sec
[-----------      29%                  ] 92135 of 310000 complete in 14.5 sec
[-----------      30%                  ] 95320 of 310000 complete in 15.0 sec
[------------     31%                  ] 98502 of 310000 complete in 15.5 sec
[------------     32%                  ] 101685 of 310000 complete in 16.0 sec
[------------     33%                  ] 104869 of 310000 complete in 16.5 sec
[-------------    34%                  ] 108053 of 310000 complete in 17.0 sec
[-------------    35%                  ] 111235 of 310000 complete in 17.5 sec
[--------------   36%                  ] 114417 of 310000 complete in 18.0 sec
[--------------   37%                  ] 117600 of 310000 complete in 18.5 sec
[--------------   38%                  ] 120789 of 310000 complete in 19.0 sec
[---------------  39%                  ] 123967 of 310000 complete in 19.5 sec
[---------------  40%                  ] 127079 of 310000 complete in 20.0 sec
[---------------  42%                  ] 130244 of 310000 complete in 20.5 sec
[---------------- 43%                  ] 133408 of 310000 complete in 21.0 sec
[---------------- 44%                  ] 136575 of 310000 complete in 21.5 sec
[-----------------45%                  ] 139738 of 310000 complete in 22.0 sec
[-----------------46%                  ] 142907 of 310000 complete in 22.5 sec
[-----------------47%                  ] 146072 of 310000 complete in 23.0 sec
[-----------------48%                  ] 149238 of 310000 complete in 23.5 sec
[-----------------49%                  ] 152406 of 310000 complete in 24.0 sec
[-----------------50%                  ] 155570 of 310000 complete in 24.5 sec
[-----------------51%                  ] 158742 of 310000 complete in 25.0 se/home/tnguye46/opt/anaconda/lib/python2.7/site-packages/matplotlib/collections.py:590: FutureWarning: elementwise comparison failed; returning scalar instead, but in the future will perform elementwise comparison
  if self._edgecolors == str('face'):
c
[-----------------52%                  ] 161914 of 310000 complete in 25.5 sec
[-----------------53%                  ] 165081 of 310000 complete in 26.0 sec
[-----------------54%                  ] 168254 of 310000 complete in 26.5 sec
[-----------------55%-                 ] 171414 of 310000 complete in 27.0 sec
[-----------------56%-                 ] 174597 of 310000 complete in 27.5 sec
[-----------------57%-                 ] 177776 of 310000 complete in 28.0 sec
[-----------------58%--                ] 180948 of 310000 complete in 28.5 sec
[-----------------59%--                ] 184123 of 310000 complete in 29.0 sec
[-----------------60%--                ] 187297 of 310000 complete in 29.5 sec
[-----------------61%---               ] 190466 of 310000 complete in 30.0 sec
[-----------------62%---               ] 193632 of 310000 complete in 30.5 sec
[-----------------63%----              ] 196799 of 310000 complete in 31.0 sec
[-----------------64%----              ] 199966 of 310000 complete in 31.5 sec
[-----------------65%----              ] 203137 of 310000 complete in 32.0 sec
[-----------------66%-----             ] 206300 of 310000 complete in 32.5 sec
[-----------------67%-----             ] 209465 of 310000 complete in 33.0 sec
[-----------------68%------            ] 212608 of 310000 complete in 33.5 sec
[-----------------69%------            ] 215750 of 310000 complete in 34.0 sec
[-----------------70%------            ] 218929 of 310000 complete in 34.5 sec
[-----------------71%-------           ] 222108 of 310000 complete in 35.0 sec
[-----------------72%-------           ] 225302 of 310000 complete in 35.5 sec
[-----------------73%--------          ] 228479 of 310000 complete in 36.0 sec
[-----------------74%--------          ] 231664 of 310000 complete in 36.5 sec
[-----------------75%--------          ] 234842 of 310000 complete in 37.0 sec
[-----------------76%---------         ] 238021 of 310000 complete in 37.5 sec
[-----------------77%---------         ] 241204 of 310000 complete in 38.0 sec
[-----------------78%---------         ] 244385 of 310000 complete in 38.5 sec
[-----------------79%----------        ] 247565 of 310000 complete in 39.0 sec
[-----------------80%----------        ] 250752 of 310000 complete in 39.5 sec
[-----------------81%-----------       ] 253930 of 310000 complete in 40.0 sec
[-----------------82%-----------       ] 257107 of 310000 complete in 40.5 sec
[-----------------83%-----------       ] 260297 of 310000 complete in 41.0 sec
[-----------------85%------------      ] 263525 of 310000 complete in 41.5 sec
[-----------------86%------------      ] 267017 of 310000 complete in 42.0 sec
[-----------------87%-------------     ] 270693 of 310000 complete in 42.5 sec
[-----------------88%-------------     ] 273982 of 310000 complete in 43.0 sec
[-----------------89%-------------     ] 276949 of 310000 complete in 43.5 sec
[-----------------90%--------------    ] 280255 of 310000 complete in 44.0 sec
[-----------------91%--------------    ] 283373 of 310000 complete in 44.5 sec
[-----------------92%---------------   ] 286843 of 310000 complete in 45.0 sec
[-----------------93%---------------   ] 290316 of 310000 complete in 45.5 sec
[-----------------94%----------------  ] 294076 of 310000 complete in 46.0 sec
[-----------------96%----------------  ] 297906 of 310000 complete in 46.5 sec
[-----------------97%----------------  ] 301763 of 310000 complete in 47.0 sec
[-----------------98%----------------- ] 305622 of 310000 complete in 47.5 sec
[-----------------99%----------------- ] 309464 of 310000 complete in 48.0 sec
[-----------------100%-----------------] 310000 of 310000 complete in 48.1 sec
Plotting DeltaH
Plotting P0
Plotting DeltaG


MCMC estimates:
DeltaH    (std) =        -5.07590 (        0.10203)
P0        (std) =         0.02757 (        0.00036)
DeltaG    (std) =        -9.17540 (        0.17511)
DONE
Fri Feb  9 15:13:14 CST 2018
