Fri Feb  9 00:45:37 CST 2018
variables ['DeltaG', 'DeltaH', 'P0']
Inputs:
DeltaH    (std) =       -11.53000 (        0.04000)
P0        (std) =         0.04990 (        0.00011)
DeltaG    (std) =        -8.26829 (        0.01546)
[                  0%                  ] 1918 of 310000 complete in 0.5 sec
[                  1%                  ] 4947 of 310000 complete in 1.0 sec
[                  2%                  ] 8147 of 310000 complete in 1.5 sec
[-                 3%                  ] 12031 of 310000 complete in 2.0 sec
[-                 4%                  ] 14708 of 310000 complete in 2.5 sec
[--                5%                  ] 17714 of 310000 complete in 3.0 sec
[--                6%                  ] 21147 of 310000 complete in 3.5 sec
[---               7%                  ] 24615 of 310000 complete in 4.0 sec
[---               9%                  ] 27935 of 310000 complete in 4.5 sec
[---               9%                  ] 30900 of 310000 complete in 5.0 sec
[----             10%                  ] 33517 of 310000 complete in 5.5 sec
[----             11%                  ] 36219 of 310000 complete in 6.0 sec
[----             12%                  ] 39227 of 310000 complete in 6.5 sec
[-----            13%                  ] 41826 of 310000 complete in 7.0 sec
[-----            14%                  ] 44840 of 310000 complete in 7.5 sec
[-----            15%                  ] 47806 of 310000 complete in 8.0 sec
[------           16%                  ] 50663 of 310000 complete in 8.5 sec
[------           17%                  ] 53666 of 310000 complete in 9.0 sec
[------           18%                  ] 56719 of 310000 complete in 9.5 sec
[-------          19%                  ] 59387 of 310000 complete in 10.0 sec
[-------          19%                  ] 61815 of 310000 complete in 10.5 sec
[-------          20%                  ] 64152 of 310000 complete in 11.0 sec
[--------         21%                  ] 66636 of 310000 complete in 11.5 sec
[--------         22%                  ] 69229 of 310000 complete in 12.0 sec
[--------         23%                  ] 72779 of 310000 complete in 12.5 sec
[---------        24%                  ] 75160 of 310000 complete in 13.0 sec
[---------        25%                  ] 78067 of 310000 complete in 13.5 sec
[---------        25%                  ] 79995 of 310000 complete in 14.0 sec
[----------       26%                  ] 83326 of 310000 complete in 14.5 sec
[----------       27%                  ] 86157 of 310000 complete in 15.0 sec
[----------       28%                  ] 89107 of 310000 complete in 15.5 sec
[-----------      29%                  ] 92898 of 310000 complete in 16.0 sec
[-----------      30%                  ] 96080 of 310000 complete in 16.5 sec
[------------     32%                  ] 99316 of 310000 complete in 17.0 sec
[------------     32%                  ] 101507 of 310000 complete in 17.5 sec
[------------     33%                  ] 105222 of 310000 complete in 18.0 sec
[-------------    35%                  ] 109078 of 310000 complete in 18.5 sec
[-------------    36%                  ] 112683 of 310000 complete in 19.0 sec
[--------------   37%                  ] 115668 of 310000 complete in 19.5 sec
[--------------   38%                  ] 119575 of 310000 complete in 20.0 sec
[---------------  39%                  ] 123445 of 310000 complete in 20.5 sec
[---------------  41%                  ] 127336 of 310000 complete in 21.0 sec
[---------------- 42%                  ] 131180 of 310000 complete in 21.5 sec
[---------------- 43%                  ] 134257 of 310000 complete in 22.0 sec
[---------------- 44%                  ] 138143 of 310000 complete in 22.5 sec
[-----------------45%                  ] 140781 of 310000 complete in 23.0 sec
[-----------------46%                  ] 143857 of 310000 complete in 23.5 sec
[-----------------47%                  ] 146860 of 310000 complete in 24.0 sec
[-----------------48%                  ] 148803 of 310000 complete in 24.5 sec
[-----------------48%                  ] 150761 of 310000 complete in 25.0 sec
[-----------------49%                  ] 152568 of 310000 complete in 25.5 sec
[-----------------49%                  ] 154909 of 310000 complete in 26.0 sec
[-----------------50%                  ] 157543 of 310000 complete in 26.5 sec
[-----------------51%                  ] 160517 of 310000 complete in 27.0 sec
[-----------------52%                  ] 163374 of 310000 complete in 27.5 sec
[-----------------53%                  ] 165522 of 310000 complete in 28.0 sec
[-----------------54%                  ] 168310 of 310000 complete in 28.5 sec
[-----------------55%-                 ] 171557 of 310000 complete in 29.1 sec
[-----------------56%-                 ] 174700 of 310000 complete in 29.6 sec
[-----------------57%-                 ] 178130 of 310000 complete in 30.1 sec
[-----------------58%--                ] 181219 of 310000 complete in 30.6 sec
[-----------------59%--                ] 184737 of 310000 complete in 31.1 sec
[-----------------60%--                ] 187491 of 310000 complete in 31.6 sec
[-----------------61%---               ] 191190 of 310000 complete in 32.1 sec
[-----------------62%---               ] 194611 of 310000 complete in 32.6 sec
[-----------------63%----              ] 198090 of 310000 complete in 33.1 sec
[-----------------64%----              ] 200956 of 310000 complete in 33.6 sec
[-----------------66%-----             ] 204635 of 310000 complete in 34.1 sec
[-----------------66%-----             ] 207567 of 310000 complete in 34.6 sec
[-----------------67%-----             ] 210264 of 310000 complete in 35.1 sec
[-----------------68%------            ] 212607 of 310000 complete in 35.6 sec
[-----------------69%------            ] 215918 of 310000 complete in 36.1 sec
[-----------------70%------            ] 218913 of 310000 complete in 36.6 sec
[-----------------71%-------           ] 222155 of 310000 complete in 37.1 sec
[-----------------72%-------           ] 225954 of 310000 complete in 37.6 sec
[-----------------74%--------          ] 229656 of 310000 complete in 38.1 sec
[-----------------74%--------          ] 232321 of 310000 complete in 38.6 sec
[-----------------76%--------          ] 235750 of 310000 complete in 39.1 sec
[-----------------76%---------         ] 237944 of 310000 complete in 39.6 sec
[-----------------77%---------         ] 240183 of 310000 complete in 40.1 sec
[-----------------78%---------         ] 242771 of 310000 complete in 40.6 sec
[-----------------79%----------        ] 245208 of 310000 complete in 41.1 sec
[-----------------79%----------        ] 247201 of 310000 complete in 41.6 sec
[-----------------80%----------        ] 249500 of 310000 complete in 42.1 sec
[-----------------81%----------        ] 251457 of 310000 complete in 42.6 sec
[-----------------81%-----------       ] 253914 of 310000 complete in 43.1 sec
[-----------------82%-----------       ] 256101 of 310000 complete in 43.6 sec
[-----------------83%-----------       ] 258758 of 310000 complete in 44.1 sec
[-----------------84%-----------       ] 260817 of 310000 complete in 44.6 sec
[-----------------84%------------      ] 263401 of 310000 complete in 45.1 sec
[-----------------85%------------      ] 266432 of 310000 complete in 45.6 sec
[-----------------86%-------------     ] 269269 of 310000 complete in 46.1 sec
[-----------------87%-------------     ] 272450 of 310000 complete in 46.6 sec
[-----------------88%-------------     ] 275019 of 310000 complete in 47.1 sec
[-----------------89%--------------    ] 278084 of 310000 complete in 47.6 sec
[-----------------90%--------------    ] 281326 of 310000 complete in 48.1 sec
[-----------------91%--------------    ] 283810 of 310000 complete in 48.6 sec
[-----------------92%---------------   ] 286036 of 310000 complete in 49.1 sec
[-----------------93%---------------   ] 288688 of 310000 complete in 49.6 sec
[-----------------93%---------------   ] 290924 of 310000 complete in 50.1 sec
[-----------------94%----------------  ] 294175 of 310000 complete in 50.6 sec
[-----------------95%----------------  ] 296132 of 310000 complete i/home/tnguye46/opt/anaconda/lib/python2.7/site-packages/matplotlib/collections.py:590: FutureWarning: elementwise comparison failed; returning scalar instead, but in the future will perform elementwise comparison
  if self._edgecolors == str('face'):
n 51.1 sec
[-----------------96%----------------  ] 299452 of 310000 complete in 51.6 sec
[-----------------97%----------------- ] 302722 of 310000 complete in 52.1 sec
[-----------------98%----------------- ] 305087 of 310000 complete in 52.6 sec
[-----------------99%----------------- ] 307810 of 310000 complete in 53.1 sec
[-----------------100%-----------------] 310000 of 310000 complete in 53.5 sec
Plotting DeltaH
Plotting P0
Plotting DeltaG


MCMC estimates:
DeltaH    (std) =       -11.53103 (        0.03973)
P0        (std) =         0.04990 (        0.00011)
DeltaG    (std) =        -8.26850 (        0.01513)
DONE
Fri Feb  9 00:46:39 CST 2018
