Fri Feb  9 00:37:43 CST 2018
variables ['DeltaG', 'DeltaH', 'P0']
Inputs:
DeltaH    (std) =        -2.34500 (        0.02650)
P0        (std) =         0.09350 (        0.00058)
DeltaG    (std) =        -9.23106 (        0.15218)
[                  0%                  ] 2820 of 310000 complete in 0.5 sec
[                  1%                  ] 5638 of 310000 complete in 1.0 sec
[-                 2%                  ] 8459 of 310000 complete in 1.5 sec
[-                 3%                  ] 11274 of 310000 complete in 2.0 sec
[-                 4%                  ] 14086 of 310000 complete in 2.5 sec
[--                5%                  ] 16898 of 310000 complete in 3.0 sec
[--                6%                  ] 19708 of 310000 complete in 3.5 sec
[--                7%                  ] 22519 of 310000 complete in 4.0 sec
[---               8%                  ] 25342 of 310000 complete in 4.5 sec
[---               9%                  ] 28153 of 310000 complete in 5.0 sec
[---               9%                  ] 30965 of 310000 complete in 5.5 sec
[----             10%                  ] 33775 of 310000 complete in 6.0 sec
[----             11%                  ] 36592 of 310000 complete in 6.5 sec
[----             12%                  ] 39172 of 310000 complete in 7.0 sec
[-----            13%                  ] 41983 of 310000 complete in 7.5 sec
[-----            14%                  ] 44798 of 310000 complete in 8.0 sec
[-----            15%                  ] 47612 of 310000 complete in 8.5 sec
[------           16%                  ] 50437 of 310000 complete in 9.0 sec
[------           17%                  ] 53252 of 310000 complete in 9.5 sec
[------           18%                  ] 56065 of 310000 complete in 10.0 sec
[-------          18%                  ] 58876 of 310000 complete in 10.5 sec
[-------          19%                  ] 61694 of 310000 complete in 11.0 sec
[-------          20%                  ] 64506 of 310000 complete in 11.5 sec
[--------         21%                  ] 67318 of 310000 complete in 12.0 sec
[--------         22%                  ] 70131 of 310000 complete in 12.5 sec
[--------         23%                  ] 72942 of 310000 complete in 13.0 sec
[---------        24%                  ] 75753 of 310000 complete in 13.5 sec
[---------        25%                  ] 78563 of 310000 complete in 14.0 sec
[---------        26%                  ] 81378 of 310000 complete in 14.5 sec
[----------       27%                  ] 84197 of 310000 complete in 15.0 sec
[----------       28%                  ] 87012 of 310000 complete in 15.5 sec
[-----------      28%                  ] 89828 of 310000 complete in 16.0 sec
[-----------      29%                  ] 92641 of 310000 complete in 16.5 sec
[-----------      30%                  ] 95311 of 310000 complete in 17.0 sec
[------------     31%                  ] 98117 of 310000 complete in 17.5 sec
[------------     32%                  ] 100921 of 310000 complete in 18.0 sec
[------------     33%                  ] 103724 of 310000 complete in 18.5 sec
[-------------    34%                  ] 106529 of 310000 complete in 19.0 sec
[-------------    35%                  ] 109334 of 310000 complete in 19.5 sec
[-------------    36%                  ] 112142 of 310000 complete in 20.0 sec
[--------------   37%                  ] 114953 of 310000 complete in 20.5 sec
[--------------   37%                  ] 117760 of 310000 complete in 21.0 sec
[--------------   38%                  ] 120567 of 310000 complete in 21.5 sec
[---------------  39%                  ] 123379 of 310000 complete in 22.0 sec
[---------------  40%                  ] 126194 of 310000 complete in 22.5 sec
[---------------  41%                  ] 129000 of 310000 complete in 23.0 sec
[---------------- 42%                  ] 131817 of 310000 complete in 23.5 sec
[---------------- 43%                  ] 134625 of 310000 complete in 24.0 sec
[---------------- 44%                  ] 137432 of 310000 complete in 24.5 sec
[-----------------45%                  ] 140237 of 310000 complete in 25.0 sec
[-----------------46%                  ] 143049 of 310000 complete in 25.5 sec
[-----------------47%                  ] 145859 of 310000 complete in 26.0 sec
[-----------------47%                  ] 148684 of 310000 complete in 26.5 sec
[-----------------48%                  ] 151483 of 310000 complete in 27.0 sec
[-----------------49%                  ] 154292 of 310000 complete in 27.5 sec
[-----------------50%                  ] 157103 of 310000 complete in 28.0 sec
[-----------------51%                  ] 159917 of 310000 complete in 28.5 sec
[-----------------52%                  ] 162727 of 310000 complete in 29.0 sec
[-----------------53%                  ] 165536 of 310000 complete in 29.5 sec
[-----------------54%                  ] 168348 of 310000 complete in 30.0 sec
[-----------------55%                  ] 171160 of 310000 complete in 30.5 sec
[-----------------56%-                 ] 173979 of 310000 complete in 31.0 sec
[-----------------57%-                 ] 176789 of 310000 complete in 31.5 sec
[-----------------57%--                ] 179601 of 310000 complete in 32.0 sec
[-----------------58%--                ] 182412 of 310000 complete in 32.5 sec
[-----------------59%--                ] 185224 of 310000 complete in 33.0 sec
[-----------------60%---               ] 188035 of 310000 complete in 33.5 sec
[-----------------61%---               ] 190846 of 310000 complete in 34.0 sec
[-----------------62%---               ] 193656 of 310000 complete in 34.5 sec
[-----------------63%----              ] 196465 of 310000 complete in 35.0 sec
[-----------------64%----              ] 199292 of 310000 complete in 35.5 sec
[-----------------65%----              ] 202119 of 310000 complete in 36.0 sec
[-----------------66%-----             ] 204950 of 310000 complete in 36.5 sec
[-----------------67%-----             ] 207770 of 310000 complete in 37.0 sec
[-----------------67%-----             ] 210599 of 310000 complete in 37.5 sec
[-----------------68%------            ] 213431 of 310000 complete in 38.0 sec
[-----------------69%------            ] 216259 of 310000 complete in 38.5 sec
[-----------------70%------            ] 219084 of 310000 complete in 39.0 sec
[-----------------71%-------           ] 221912 of 310000 complete in 39.5 sec
[-----------------72%-------           ] 224739 of 310000 complete in 40.0 sec
[-----------------73%-------           ] 227568 of 310000 complete in 40.5 sec
[-----------------74%--------          ] 230396 of 310000 complete in 41.0 sec
[-----------------75%--------          ] 233234 of 310000 complete in 41.5 sec
[-----------------76%--------          ] 236062 of 310000 complete in 42.0 sec
[-----------------77%---------         ] 238889 of 310000 complete in 42.5 sec
[-----------------77%---------         ] 241718 of 310000 complete in 43.0 sec
[-----------------78%---------         ] 244547 of 310000 complete in 43.5 sec
[-----------------79%----------        ] 247374 of 310000 complete in 44.0 sec
[-----------------80%----------        ] 250203 of 310000 complete in 44.5 sec
[-----------------81%-----------       ] 253033 of 310000 complete in 45.0 sec
[-----------------82%-----------       ] 255863 of 310000 complete in 45.5 sec
[-----------------83%-----------       ] 258692 of 310000 complete in 46.0 sec
[-----------------84%------------      ] 261522 of 310000 complete in 46.5 sec
[-----------------85%------------      ] 264342 of 310000 complete in 47.0 sec
[-----------------86%------------      ] 267170 of 310000 complete in 47.5 sec
[-----------------87%-------------     ] 269999 of 310000 complete in 48.0 sec
[-----------------88%-------------     ] 272826 of 310000 complete in 48.5 sec
[-----------------88%-------------     ] 275653 of 310000 complete in 49.0 sec
[-----------------89%--------------    ] 278481 of 310000 complete in 49.5 sec
[-----------------90%--------------    ] 281310 of 310000 complete in 50.0 sec
[-----------------91%--------------    ] 284141 of 310000 complete in 50.5 sec
[-----------------92%---------------   ] 286972 of 310000 complete in/home/tnguye46/opt/anaconda/lib/python2.7/site-packages/matplotlib/collections.py:590: FutureWarning: elementwise comparison failed; returning scalar instead, but in the future will perform elementwise comparison
  if self._edgecolors == str('face'):
 51.0 sec
[-----------------93%---------------   ] 289798 of 310000 complete in 51.5 sec
[-----------------94%---------------   ] 292540 of 310000 complete in 52.0 sec
[-----------------95%----------------  ] 295371 of 310000 complete in 52.5 sec
[-----------------96%----------------  ] 298201 of 310000 complete in 53.0 sec
[-----------------97%----------------  ] 301033 of 310000 complete in 53.5 sec
[-----------------98%----------------- ] 303861 of 310000 complete in 54.0 sec
[-----------------98%----------------- ] 306691 of 310000 complete in 54.5 sec
[-----------------99%----------------- ] 309519 of 310000 complete in 55.0 sec
[-----------------100%-----------------] 310000 of 310000 complete in 55.1 sec
Plotting DeltaH
Plotting P0
Plotting DeltaG


MCMC estimates:
DeltaH    (std) =        -2.34532 (        0.02610)
P0        (std) =         0.09349 (        0.00058)
DeltaG    (std) =        -9.23486 (        0.15025)
DONE
Fri Feb  9 00:38:45 CST 2018
