Fri Feb  9 00:44:39 CST 2018
variables ['DeltaG', 'DeltaH', 'P0']
Inputs:
DeltaH    (std) =       -10.00000 (        0.20000)
P0        (std) =         0.05356 (        0.00052)
DeltaG    (std) =        -8.24195 (        0.10772)
[                  1%                  ] 3200 of 310000 complete in 0.5 sec
[                  1%                  ] 6142 of 310000 complete in 1.0 sec
[-                 3%                  ] 9399 of 310000 complete in 1.5 sec
[-                 4%                  ] 12689 of 310000 complete in 2.0 sec
[-                 5%                  ] 15999 of 310000 complete in 2.5 sec
[--                6%                  ] 18744 of 310000 complete in 3.0 sec
[--                6%                  ] 20799 of 310000 complete in 3.5 sec
[--                7%                  ] 23099 of 310000 complete in 4.0 sec
[---               8%                  ] 25630 of 310000 complete in 4.5 sec
[---               9%                  ] 28113 of 310000 complete in 5.0 sec
[---               9%                  ] 30956 of 310000 complete in 5.5 sec
[----             11%                  ] 34202 of 310000 complete in 6.0 sec
[----             11%                  ] 36381 of 310000 complete in 6.5 sec
[----             12%                  ] 39252 of 310000 complete in 7.0 sec
[-----            13%                  ] 42728 of 310000 complete in 7.5 sec
[-----            14%                  ] 45635 of 310000 complete in 8.0 sec
[-----            15%                  ] 48218 of 310000 complete in 8.5 sec
[------           16%                  ] 50231 of 310000 complete in 9.0 sec
[------           17%                  ] 53131 of 310000 complete in 9.5 sec
[------           17%                  ] 55592 of 310000 complete in 10.0 sec
[-------          18%                  ] 58095 of 310000 complete in 10.5 sec
[-------          19%                  ] 61982 of 310000 complete in 11.0 sec
[-------          21%                  ] 65187 of 310000 complete in 11.5 sec
[--------         21%                  ] 67656 of 310000 complete in 12.0 sec
[--------         22%                  ] 70296 of 310000 complete in 12.5 sec
[--------         23%                  ] 73150 of 310000 complete in 13.0 sec
[---------        24%                  ] 76169 of 310000 complete in 13.5 sec
[---------        25%                  ] 78614 of 310000 complete in 14.0 sec
[---------        26%                  ] 81269 of 310000 complete in 14.5 sec
[----------       27%                  ] 83775 of 310000 complete in 15.0 sec
[----------       28%                  ] 87325 of 310000 complete in 15.5 sec
[-----------      29%                  ] 90416 of 310000 complete in 16.0 sec
[-----------      30%                  ] 93684 of 310000 complete in 16.5 sec
[-----------      31%                  ] 97049 of 310000 complete in 17.0 sec
[------------     32%                  ] 100123 of 310000 complete in 17.5 sec
[------------     33%                  ] 102650 of 310000 complete in 18.0 sec
[------------     33%                  ] 105129 of 310000 complete in 18.5 sec
[-------------    34%                  ] 108087 of 310000 complete in 19.0 sec
[-------------    35%                  ] 111367 of 310000 complete in 19.5 sec
[--------------   36%                  ] 114649 of 310000 complete in 20.0 sec
[--------------   38%                  ] 117929 of 310000 complete in 20.5 sec
[--------------   39%                  ] 121086 of 310000 complete in 21.0 sec
[---------------  40%                  ] 124860 of 310000 complete in 21.5 sec
[---------------  41%                  ] 128654 of 310000 complete in 22.0 sec
[---------------- 42%                  ] 132342 of 310000 complete in 22.5 sec
[---------------- 43%                  ] 136126 of 310000 complete in 23.0 sec
[-----------------45%                  ] 139899 of 310000 complete in 23.5 sec
[-----------------46%                  ] 143666 of 310000 complete in 24.0 sec
[-----------------47%                  ] 147440 of 310000 complete in 24.5 sec
[-----------------48%                  ] 151211 of 310000 complete in 25.0 sec
[/home/tnguye46/opt/anaconda/lib/python2.7/site-packages/matplotlib/collections.py:590: FutureWarning: elementwise comparison failed; returning scalar instead, but in the future will perform elementwise comparison
  if self._edgecolors == str('face'):
-----------------49%                  ] 154978 of 310000 complete in 25.5 sec
[-----------------51%                  ] 158775 of 310000 complete in 26.0 sec
[-----------------52%                  ] 162546 of 310000 complete in 26.5 sec
[-----------------53%                  ] 166315 of 310000 complete in 27.0 sec
[-----------------54%                  ] 170089 of 310000 complete in 27.5 sec
[-----------------56%-                 ] 173875 of 310000 complete in 28.0 sec
[-----------------57%-                 ] 177648 of 310000 complete in 28.5 sec
[-----------------58%--                ] 181377 of 310000 complete in 29.0 sec
[-----------------59%--                ] 183932 of 310000 complete in 29.5 sec
[-----------------60%--                ] 186930 of 310000 complete in 30.0 sec
[-----------------61%---               ] 189641 of 310000 complete in 30.5 sec
[-----------------62%---               ] 193121 of 310000 complete in 31.0 sec
[-----------------63%----              ] 196646 of 310000 complete in 31.5 sec
[-----------------64%----              ] 200181 of 310000 complete in 32.0 sec
[-----------------65%----              ] 203589 of 310000 complete in 32.5 sec
[-----------------66%-----             ] 206940 of 310000 complete in 33.0 sec
[-----------------67%-----             ] 210468 of 310000 complete in 33.5 sec
[-----------------69%------            ] 214010 of 310000 complete in 34.1 sec
[-----------------70%------            ] 217549 of 310000 complete in 34.6 sec
[-----------------71%-------           ] 220993 of 310000 complete in 35.1 sec
[-----------------72%-------           ] 224520 of 310000 complete in 35.6 sec
[-----------------73%-------           ] 228043 of 310000 complete in 36.1 sec
[-----------------74%--------          ] 231582 of 310000 complete in 36.6 sec
[-----------------75%--------          ] 235009 of 310000 complete in 37.1 sec
[-----------------76%---------         ] 238225 of 310000 complete in 37.6 sec
[-----------------77%---------         ] 241402 of 310000 complete in 38.1 sec
[-----------------78%----------        ] 244882 of 310000 complete in 38.6 sec
[-----------------80%----------        ] 248444 of 310000 complete in 39.1 sec
[-----------------81%----------        ] 251850 of 310000 complete in 39.6 sec
[-----------------82%-----------       ] 255327 of 310000 complete in 40.1 sec
[-----------------83%-----------       ] 258792 of 310000 complete in 40.6 sec
[-----------------84%------------      ] 262325 of 310000 complete in 41.1 sec
[-----------------85%------------      ] 265812 of 310000 complete in 41.6 sec
[-----------------86%-------------     ] 269273 of 310000 complete in 42.1 sec
[-----------------87%-------------     ] 272794 of 310000 complete in 42.6 sec
[-----------------89%-------------     ] 276323 of 310000 complete in 43.1 sec
[-----------------90%--------------    ] 279889 of 310000 complete in 43.6 sec
[-----------------91%--------------    ] 283297 of 310000 complete in 44.1 sec
[-----------------92%---------------   ] 286817 of 310000 complete in 44.6 sec
[-----------------93%---------------   ] 290348 of 310000 complete in 45.1 sec
[-----------------94%----------------  ] 293876 of 310000 complete in 45.6 sec
[-----------------95%----------------  ] 297397 of 310000 complete in 46.1 sec
[-----------------97%----------------  ] 301053 of 310000 complete in 46.6 sec
[-----------------98%----------------- ] 304832 of 310000 complete in 47.1 sec
[-----------------99%----------------- ] 308602 of 310000 complete in 47.6 sec
[-----------------100%-----------------] 310000 of 310000 complete in 47.7 sec
Plotting DeltaH
Plotting P0
Plotting DeltaG


MCMC estimates:
DeltaH    (std) =        -9.99662 (        0.20607)
P0        (std) =         0.05356 (        0.00052)
DeltaG    (std) =        -8.24055 (        0.10735)
DONE
Fri Feb  9 00:45:34 CST 2018
