Fri Feb  9 15:12:19 CST 2018
variables ['DeltaG', 'DeltaH', 'P0']
Inputs:
DeltaH    (std) =        -5.42305 (        0.08843)
P0        (std) =         0.02772 (        0.00028)
DeltaG    (std) =        -9.35592 (        0.15531)
[                  1%                  ] 3931 of 310000 complete in 0.5 sec
[                  2%                  ] 7845 of 310000 complete in 1.0 sec
[-                 3%                  ] 11718 of 310000 complete in 1.5 sec
[-                 5%                  ] 15609 of 310000 complete in 2.0 sec
[--                6%                  ] 19502 of 310000 complete in 2.5 sec
[--                7%                  ] 23403 of 310000 complete in 3.0 sec
[---               8%                  ] 27293 of 310000 complete in 3.5 sec
[---              10%                  ] 31158 of 310000 complete in 4.0 sec
[----             11%                  ] 35056 of 310000 complete in 4.5 sec
[----             12%                  ] 38948 of 310000 complete in 5.0 sec
[-----            13%                  ] 42834 of 310000 complete in 5.5 sec
[-----            15%                  ] 46714 of 310000 complete in 6.0 sec
[------           16%                  ] 50591 of 310000 complete in 6.5 sec
[------           17%                  ] 54513 of 310000 complete in 7.0 sec
[-------          18%                  ] 58408 of 310000 complete in 7.5 sec
[-------          20%                  ] 62267 of 310000 complete in 8.0 sec
[--------         21%                  ] 66150 of 310000 complete in 8.5 sec
[--------         22%                  ] 70037 of 310000 complete in 9.0 sec
[---------        23%                  ] 73947 of 310000 complete in 9.5 sec
[---------        25%                  ] 77843 of 310000 complete in 10.0 sec
[----------       26%                  ] 81704 of 310000 complete in 10.5 sec
[----------       27%                  ] 85597 of 310000 complete in 11.0 sec
[----------       28%                  ] 89484 of 310000 complete in 11.5 sec
[-----------      30%                  ] 93380 of 310000 complete in 12.0 sec
[-----------      31%                  ] 97253 of 310000 complete in 12.5 sec
[------------     32%                  ] 101127 of 310000 complete in 13.0 sec
[------------     33%                  ] 105044 of 310000 complete in 13.5 sec
[-------------    35%                  ] 108948 of 310000 complete in 14.0 sec
[-------------    36%                  ] 112809 of 310000 complete in 14.5 sec
[--------------   37%                  ] 116680 of 310000 complete in 15.0 sec
[--------------   38%                  ] 120566 of 310000 complete in 15.5 sec
[---------------  40%                  ] 124475 of 310000 complete in 16.0 sec
[---------------  41%                  ] 128379 of 310000 complete in 16.5 sec
[---------------- 42%                  ] 132258 of 310000 complete in 17.0 sec
[---------------- 43%                  ] 136142 of 310000 complete in 17.5 sec
[-----------------45%                  ] 140027 of 310000 complete in 18.0 sec
[-----------------46%                  ] 143932 of 310000 complete in 18.5 sec
[-----------------47%                  ] 147807 of 310000 complete in 19.0 sec
[-----------------48%                  ] 151672 of 310000 complete in 19.5 sec
[-----------------50%                  ] 155580 of 310000 complete in 20.0 sec
[-----------------51%                  ] 159482 of 310000 complete in 20.5 sec
[-----------------52%                  ] 163352 of 310000 complete in 21.0 sec
[-----------------53%                  ] 167231 of 310000 complete in 21.5 sec
[-----------------55%                  ] 171111 of 310000 complete in 22.0 sec
[-----------------56%-                 ] 175025 of 310000 complete in 22.5 sec
[-----------------57%-                 ] 178926 of 310000 complete in 23.0 sec
[-----------------58%--                ] 182798 of 310000 complete in 23.5 sec
[-----------------60%--                ] 186673 of 310000 complete in 24.0 sec
[-----------------61%---               ] 190561 of 310000 complete in 24.5 sec
[-----------------62%---               ] 194464 of 310000 complete in /home/tnguye46/opt/anaconda/lib/python2.7/site-packages/matplotlib/collections.py:590: FutureWarning: elementwise comparison failed; returning scalar instead, but in the future will perform elementwise comparison
  if self._edgecolors == str('face'):
25.0 sec
[-----------------63%----              ] 198357 of 310000 complete in 25.5 sec
[-----------------65%----              ] 202229 of 310000 complete in 26.0 sec
[-----------------66%-----             ] 206135 of 310000 complete in 26.5 sec
[-----------------67%-----             ] 210023 of 310000 complete in 27.0 sec
[-----------------69%------            ] 213911 of 310000 complete in 27.5 sec
[-----------------70%------            ] 217785 of 310000 complete in 28.0 sec
[-----------------71%-------           ] 221663 of 310000 complete in 28.5 sec
[-----------------72%-------           ] 225577 of 310000 complete in 29.0 sec
[-----------------74%--------          ] 229473 of 310000 complete in 29.5 sec
[-----------------75%--------          ] 233352 of 310000 complete in 30.0 sec
[-----------------76%---------         ] 237223 of 310000 complete in 30.5 sec
[-----------------77%---------         ] 241103 of 310000 complete in 31.0 sec
[-----------------79%----------        ] 245004 of 310000 complete in 31.5 sec
[-----------------80%----------        ] 248892 of 310000 complete in 32.0 sec
[-----------------81%----------        ] 252757 of 310000 complete in 32.5 sec
[-----------------82%-----------       ] 256659 of 310000 complete in 33.0 sec
[-----------------84%-----------       ] 260534 of 310000 complete in 33.5 sec
[-----------------85%------------      ] 264423 of 310000 complete in 34.0 sec
[-----------------86%------------      ] 268298 of 310000 complete in 34.5 sec
[-----------------87%-------------     ] 272176 of 310000 complete in 35.0 sec
[-----------------89%-------------     ] 276098 of 310000 complete in 35.5 sec
[-----------------90%--------------    ] 279997 of 310000 complete in 36.0 sec
[-----------------91%--------------    ] 283884 of 310000 complete in 36.5 sec
[-----------------92%---------------   ] 287741 of 310000 complete in 37.0 sec
[-----------------94%---------------   ] 291630 of 310000 complete in 37.5 sec
[-----------------95%----------------  ] 295541 of 310000 complete in 38.0 sec
[-----------------96%----------------  ] 299433 of 310000 complete in 38.5 sec
[-----------------97%----------------- ] 303304 of 310000 complete in 39.0 sec
[-----------------99%----------------- ] 307198 of 310000 complete in 39.5 sec
[-----------------100%-----------------] 310000 of 310000 complete in 39.9 sec
Plotting DeltaG
Plotting DeltaH
Plotting P0


MCMC estimates:
DeltaH    (std) =        -5.42704 (        0.08841)
P0        (std) =         0.02772 (        0.00027)
DeltaG    (std) =        -9.35605 (        0.15388)
DONE
Fri Feb  9 15:13:06 CST 2018
