Fri Feb  9 00:46:52 CST 2018
variables ['DeltaG', 'DeltaH', 'P0']
Inputs:
DeltaH    (std) =       -15.00000 (        4.00000)
P0        (std) =         0.01155 (        0.00168)
DeltaG    (std) =        -7.97416 (        0.25392)
[                  1%                  ] 3116 of 310000 complete in 0.5 sec
[                  1%                  ] 5996 of 310000 complete in 1.0 sec
[-                 2%                  ] 8947 of 310000 complete in 1.5 sec
[-                 3%                  ] 11389 of 310000 complete in 2.0 sec
[-                 4%                  ] 13958 of 310000 complete in 2.5 sec
[--                5%                  ] 17716 of 310000 complete in 3.0 sec
[--                6%                  ] 20267 of 310000 complete in 3.5 sec
[--                7%                  ] 22857 of 310000 complete in 4.0 sec
[---               8%                  ] 25949 of 310000 complete in 4.5 sec
[---               9%                  ] 29401 of 310000 complete in 5.0 sec
[----             10%                  ] 32989 of 310000 complete in 5.5 sec
[----             11%                  ] 36190 of 310000 complete in 6.0 sec
[----             12%                  ] 39101 of 310000 complete in 6.5 sec
[-----            13%                  ] 42443 of 310000 complete in 7.0 sec
[-----            14%                  ] 45789 of 310000 complete in 7.5 sec
[------           15%                  ] 49227 of 310000 complete in 8.0 sec
[------           16%                  ] 52576 of 310000 complete in 8.5 sec
[------           18%                  ] 55926 of 310000 complete in 9.0 sec
[-------          19%                  ] 59269 of 310000 complete in 9.5 sec
[-------          20%                  ] 62607 of 310000 complete in 10.0 sec
[--------         21%                  ] 65957 of 310000 complete in 10.5 sec
[--------         22%                  ] 69307 of 310000 complete in 11.0 sec
[--------         23%                  ] 72670 of 310000 complete in 11.5 sec
[---------        24%                  ] 76244 of 310000 complete in 12.0 sec
[---------        25%                  ] 79437 of 310000 complete in 12.5 sec
[----------       26%                  ] 83363 of 310000 complete in 13.0 sec
[----------       28%                  ] 87259 of 310000 complete in 13.5 sec
[-----------      29%                  ] 91145 of 310000 complete in 14.0 sec
[-----------      30%                  ] 95095 of 310000 complete in 14.5 sec
[------------     31%                  ] 98738 of 310000 complete in 15.0 sec
[------------     33%                  ] 102424 of 310000 complete in 15.5 sec
[------------     34%                  ] 105875 of 310000 complete in 16.0 sec
[-------------    34%                  ] 107897 of 310000 complete in 16.5 sec
[-------------    35%                  ] 110060 of 310000 complete in 17.0 sec
[-------------    36%                  ] 112934 of 310000 complete in 17.5 sec
[--------------   37%                  ] 116124 of 310000 complete in 18.0 sec
[--------------   38%                  ] 118672 of 310000 complete in 18.5 sec
[--------------   39%                  ] 121984 of 310000 complete in 19.0 sec
[---------------  40%                  ] 125295 of 310000 complete in 19.5 sec
[---------------  41%                  ] 128603 of 310000 complete in 20.0 sec
[---------------- 42%                  ] 131898 of 310000 complete in 20.5 sec
[---------------- 43%                  ] 135193 of 310000 complete in 21.0 sec
[---------------- 44%                  ] 138311 of 310000 complete in 21.5 sec
[-----------------45%                  ] 141611 of 310000 complete in 22.0 sec
[-----------------46%                  ] 144912 of 310000 complete in 22.5 sec
[-----------------47%                  ] 148214 of 310000 complete in 23.0 sec
[-----------------48%                  ] 151446 of 310000 complete in 23.5 sec
[-----------------49%                  ] 154743 of 310000 complete in 24.0 sec
[-----------------50%                  ] 157934 of 310000 complete in 24.5 sec
[-----------------51%                  ] 160998 of 310000 complete in 25.0 s/home/tnguye46/opt/anaconda/lib/python2.7/site-packages/matplotlib/collections.py:590: FutureWarning: elementwise comparison failed; returning scalar instead, but in the future will perform elementwise comparison
  if self._edgecolors == str('face'):
ec
[-----------------53%                  ] 164303 of 310000 complete in 25.5 sec
[-----------------54%                  ] 167425 of 310000 complete in 26.0 sec
[-----------------54%                  ] 170371 of 310000 complete in 26.5 sec
[-----------------56%-                 ] 173622 of 310000 complete in 27.0 sec
[-----------------57%-                 ] 176837 of 310000 complete in 27.5 sec
[-----------------58%--                ] 180151 of 310000 complete in 28.0 sec
[-----------------59%--                ] 183469 of 310000 complete in 28.5 sec
[-----------------60%--                ] 186790 of 310000 complete in 29.0 sec
[-----------------61%---               ] 190104 of 310000 complete in 29.5 sec
[-----------------62%---               ] 193415 of 310000 complete in 30.0 sec
[-----------------63%----              ] 196734 of 310000 complete in 30.5 sec
[-----------------64%----              ] 200046 of 310000 complete in 31.0 sec
[-----------------65%----              ] 203355 of 310000 complete in 31.5 sec
[-----------------66%-----             ] 206631 of 310000 complete in 32.0 sec
[-----------------67%-----             ] 209935 of 310000 complete in 32.5 sec
[-----------------68%------            ] 213184 of 310000 complete in 33.0 sec
[-----------------69%------            ] 216491 of 310000 complete in 33.5 sec
[-----------------70%------            ] 219799 of 310000 complete in 34.0 sec
[-----------------71%-------           ] 223102 of 310000 complete in 34.5 sec
[-----------------73%-------           ] 226403 of 310000 complete in 35.0 sec
[-----------------74%--------          ] 229712 of 310000 complete in 35.5 sec
[-----------------75%--------          ] 233026 of 310000 complete in 36.0 sec
[-----------------76%--------          ] 236333 of 310000 complete in 36.5 sec
[-----------------77%---------         ] 239579 of 310000 complete in 37.0 sec
[-----------------78%---------         ] 242890 of 310000 complete in 37.5 sec
[-----------------79%----------        ] 246147 of 310000 complete in 38.0 sec
[-----------------80%----------        ] 249447 of 310000 complete in 38.5 sec
[-----------------81%----------        ] 252744 of 310000 complete in 39.0 sec
[-----------------82%-----------       ] 256046 of 310000 complete in 39.5 sec
[-----------------83%-----------       ] 259342 of 310000 complete in 40.0 sec
[-----------------84%------------      ] 262614 of 310000 complete in 40.5 sec
[-----------------85%------------      ] 265899 of 310000 complete in 41.0 sec
[-----------------86%------------      ] 269202 of 310000 complete in 41.5 sec
[-----------------87%-------------     ] 272480 of 310000 complete in 42.0 sec
[-----------------88%-------------     ] 275776 of 310000 complete in 42.5 sec
[-----------------90%--------------    ] 279046 of 310000 complete in 43.0 sec
[-----------------91%--------------    ] 282345 of 310000 complete in 43.5 sec
[-----------------92%---------------   ] 285641 of 310000 complete in 44.0 sec
[-----------------93%---------------   ] 288937 of 310000 complete in 44.5 sec
[-----------------94%---------------   ] 292244 of 310000 complete in 45.0 sec
[-----------------95%----------------  ] 294973 of 310000 complete in 45.5 sec
[-----------------96%----------------  ] 298165 of 310000 complete in 46.0 sec
[-----------------97%----------------  ] 301230 of 310000 complete in 46.5 sec
[-----------------98%----------------- ] 304020 of 310000 complete in 47.0 sec
[-----------------98%----------------- ] 306817 of 310000 complete in 47.5 sec
[-----------------99%----------------- ] 309984 of 310000 complete in 48.0 sec
[-----------------100%-----------------] 310000 of 310000 complete in 48.0 sec
Plotting DeltaH
Plotting P0
Plotting DeltaG


MCMC estimates:
DeltaH    (std) =       -14.95956 (        4.05177)
P0        (std) =         0.01156 (        0.00167)
DeltaG    (std) =        -7.97529 (        0.25208)
DONE
Fri Feb  9 00:47:49 CST 2018
