Fri Feb  9 15:11:08 CST 2018
variables ['DeltaG', 'DeltaH', 'P0']
Inputs:
DeltaH    (std) =        -5.03800 (        0.03869)
P0        (std) =         0.02274 (        0.00012)
DeltaG    (std) =        -9.02147 (        0.05361)
[                  0%                  ] 2672 of 310000 complete in 0.5 sec
[                  1%                  ] 5001 of 310000 complete in 1.0 sec
[                  2%                  ] 7448 of 310000 complete in 1.5 sec
[-                 3%                  ] 10024 of 310000 complete in 2.0 sec
[-                 4%                  ] 12527 of 310000 complete in 2.5 sec
[-                 4%                  ] 14787 of 310000 complete in 3.0 sec
[--                5%                  ] 17429 of 310000 complete in 3.5 sec
[--                6%                  ] 19806 of 310000 complete in 4.0 sec
[--                7%                  ] 23283 of 310000 complete in 4.5 sec
[---               8%                  ] 26516 of 310000 complete in 5.0 sec
[---               9%                  ] 30278 of 310000 complete in 5.5 sec
[----             10%                  ] 34060 of 310000 complete in 6.0 sec
[----             12%                  ] 37827 of 310000 complete in 6.5 sec
[-----            13%                  ] 41580 of 310000 complete in 7.0 sec
[-----            14%                  ] 45318 of 310000 complete in 7.5 sec
[------           15%                  ] 49054 of 310000 complete in 8.0 sec
[------           16%                  ] 52647 of 310000 complete in 8.5 sec
[------           17%                  ] 55250 of 310000 complete in 9.0 sec
[-------          19%                  ] 59013 of 310000 complete in 9.5 sec
[-------          20%                  ] 62844 of 310000 complete in 10.0 sec
[--------         21%                  ] 66608 of 310000 complete in 10.5 sec
[--------         22%                  ] 70255 of 310000 complete in 11.0 sec
[---------        23%                  ] 73879 of 310000 complete in 11.5 sec
[---------        25%                  ] 77710 of 310000 complete in 12.0 sec
[---------        26%                  ] 81543 of 310000 complete in 12.5 sec
[----------       27%                  ] 84910 of 310000 complete in 13.0 sec
[----------       28%                  ] 88702 of 310000 complete in 13.5 sec
[-----------      29%                  ] 92449 of 310000 complete in 14.0 sec
[-----------      31%                  ] 96226 of 310000 complete in 14.5 sec
[------------     32%                  ] 99296 of 310000 complete in 15.0 sec
[------------     32%                  ] 101240 of 310000 complete in 15.5 sec
[------------     33%                  ] 103707 of 310000 complete in 16.0 sec
[------------     34%                  ] 105936 of 310000 complete in 16.5 sec
[-------------    34%                  ] 108093 of 310000 complete in 17.0 sec
[-------------    35%                  ] 109930 of 310000 complete in 17.5 sec
[-------------    36%                  ] 111874 of 310000 complete in 18.0 sec
[-------------    36%                  ] 113656 of 310000 complete in 18.5 sec
[--------------   37%                  ] 115647 of 310000 complete in 19.0 sec
[--------------   38%                  ] 118906 of 310000 complete in 19.5 sec
[--------------   39%                  ] 121172 of 310000 complete in 20.0 sec
[---------------  39%                  ] 123439 of 310000 complete in 20.5 sec
[---------------  40%                  ] 125807 of 310000 complete in 21.0 sec
[---------------  41%                  ] 128161 of 310000 complete in 21.5 sec
[---------------  42%                  ] 130358 of 310000 complete in 22.0 sec
[---------------- 42%                  ] 132464 of 310000 complete in 22.5 sec
[---------------- 43%                  ] 134403 of 310000 complete in 23.0 sec
[---------------- 43%                  ] 136367 of 310000 complete in 23.5 sec
[-----------------44%                  ] 139090 of 310000 complete in 24.0 sec
[-----------------45%                  ] 141517 of 310000 complete in 24.5 sec
[-----------------46%                  ] 143718 of 310000 complete in 25.0 s/home/tnguye46/opt/anaconda/lib/python2.7/site-packages/matplotlib/collections.py:590: FutureWarning: elementwise comparison failed; returning scalar instead, but in the future will perform elementwise comparison
  if self._edgecolors == str('face'):
ec
[-----------------47%                  ] 145740 of 310000 complete in 25.5 sec
[-----------------47%                  ] 147955 of 310000 complete in 26.0 sec
[-----------------48%                  ] 151799 of 310000 complete in 26.5 sec
[-----------------50%                  ] 155610 of 310000 complete in 27.0 sec
[-----------------51%                  ] 159429 of 310000 complete in 27.5 sec
[-----------------52%                  ] 163268 of 310000 complete in 28.1 sec
[-----------------53%                  ] 167120 of 310000 complete in 28.6 sec
[-----------------55%                  ] 170957 of 310000 complete in 29.1 sec
[-----------------56%-                 ] 174793 of 310000 complete in 29.6 sec
[-----------------57%-                 ] 178602 of 310000 complete in 30.1 sec
[-----------------58%--                ] 182434 of 310000 complete in 30.6 sec
[-----------------60%--                ] 186299 of 310000 complete in 31.1 sec
[-----------------61%---               ] 190140 of 310000 complete in 31.6 sec
[-----------------62%---               ] 193962 of 310000 complete in 32.1 sec
[-----------------63%----              ] 197789 of 310000 complete in 32.6 sec
[-----------------65%----              ] 201616 of 310000 complete in 33.1 sec
[-----------------66%-----             ] 205462 of 310000 complete in 33.6 sec
[-----------------67%-----             ] 209302 of 310000 complete in 34.1 sec
[-----------------68%------            ] 213115 of 310000 complete in 34.6 sec
[-----------------69%------            ] 216615 of 310000 complete in 35.1 sec
[-----------------70%------            ] 219192 of 310000 complete in 35.6 sec
[-----------------71%-------           ] 221525 of 310000 complete in 36.1 sec
[-----------------72%-------           ] 224745 of 310000 complete in 36.6 sec
[-----------------73%-------           ] 227967 of 310000 complete in 37.1 sec
[-----------------74%--------          ] 231186 of 310000 complete in 37.6 sec
[-----------------75%--------          ] 234396 of 310000 complete in 38.1 sec
[-----------------76%---------         ] 237622 of 310000 complete in 38.6 sec
[-----------------77%---------         ] 240836 of 310000 complete in 39.1 sec
[-----------------78%---------         ] 244058 of 310000 complete in 39.6 sec
[-----------------79%----------        ] 247275 of 310000 complete in 40.1 sec
[-----------------80%----------        ] 250495 of 310000 complete in 40.6 sec
[-----------------81%-----------       ] 253711 of 310000 complete in 41.1 sec
[-----------------82%-----------       ] 256933 of 310000 complete in 41.6 sec
[-----------------83%-----------       ] 260152 of 310000 complete in 42.1 sec
[-----------------84%------------      ] 263339 of 310000 complete in 42.6 sec
[-----------------85%------------      ] 266454 of 310000 complete in 43.1 sec
[-----------------86%-------------     ] 269648 of 310000 complete in 43.6 sec
[-----------------88%-------------     ] 272830 of 310000 complete in 44.1 sec
[-----------------89%-------------     ] 276043 of 310000 complete in 44.6 sec
[-----------------90%--------------    ] 279211 of 310000 complete in 45.1 sec
[-----------------91%--------------    ] 282433 of 310000 complete in 45.6 sec
[-----------------92%--------------    ] 285441 of 310000 complete in 46.1 sec
[-----------------93%---------------   ] 289175 of 310000 complete in 46.6 sec
[-----------------94%---------------   ] 292387 of 310000 complete in 47.1 sec
[-----------------95%----------------  ] 295602 of 310000 complete in 47.6 sec
[-----------------96%----------------  ] 298787 of 310000 complete in 48.1 sec
[-----------------97%----------------- ] 302102 of 310000 complete in 48.6 sec
[-----------------98%----------------- ] 305913 of 310000 complete in 49.1 sec
[-----------------99%----------------- ] 309716 of 310000 complete in 49.6 sec
[-----------------100%-----------------] 310000 of 310000 complete in 49.6 sec
Plotting DeltaH
Plotting P0
Plotting DeltaG


MCMC estimates:
DeltaH    (std) =        -5.03862 (        0.03885)
P0        (std) =         0.02274 (        0.00012)
DeltaG    (std) =        -9.02043 (        0.05519)
DONE
Fri Feb  9 15:12:05 CST 2018
