Fri Feb  9 00:36:53 CST 2018
variables ['DeltaG', 'DeltaH', 'P0']
Inputs:
DeltaH    (std) =        -2.33500 (        0.02270)
P0        (std) =         0.10400 (        0.00057)
DeltaG    (std) =        -9.07266 (        0.12327)
[                  1%                  ] 3654 of 310000 complete in 0.5 sec
[                  2%                  ] 7306 of 310000 complete in 1.0 sec
[-                 3%                  ] 10956 of 310000 complete in 1.5 sec
[-                 4%                  ] 14603 of 310000 complete in 2.0 sec
[--                5%                  ] 18251 of 310000 complete in 2.5 sec
[--                7%                  ] 21899 of 310000 complete in 3.0 sec
[---               8%                  ] 25549 of 310000 complete in 3.5 sec
[---               9%                  ] 29206 of 310000 complete in 4.0 sec
[----             10%                  ] 32857 of 310000 complete in 4.5 sec
[----             11%                  ] 36502 of 310000 complete in 5.0 sec
[----             12%                  ] 40149 of 310000 complete in 5.5 sec
[-----            14%                  ] 43870 of 310000 complete in 6.0 sec
[-----            15%                  ] 47433 of 310000 complete in 6.5 sec
[------           16%                  ] 51031 of 310000 complete in 7.0 sec
[------           17%                  ] 54685 of 310000 complete in 7.5 sec
[-------          18%                  ] 58327 of 310000 complete in 8.0 sec
[-------          19%                  ] 61964 of 310000 complete in 8.5 sec
[--------         21%                  ] 65587 of 310000 complete in 9.0 sec
[--------         22%                  ] 69200 of 310000 complete in 9.5 sec
[--------         23%                  ] 72817 of 310000 complete in 10.0 sec
[---------        24%                  ] 76424 of 310000 complete in 10.5 sec
[---------        25%                  ] 80073 of 310000 complete in 11.0 sec
[----------       27%                  ] 83709 of 310000 complete in 11.5 sec
[----------       28%                  ] 87035 of 310000 complete in 12.0 sec
[-----------      29%                  ] 90688 of 310000 complete in 12.5 sec
[-----------      30%                  ] 94316 of 310000 complete in 13.0 sec
[------------     31%                  ] 97960 of 310000 complete in 13.5 sec
[------------     32%                  ] 101610 of 310000 complete in 14.0 sec
[------------     33%                  ] 105243 of 310000 complete in 14.5 sec
[-------------    35%                  ] 108887 of 310000 complete in 15.0 sec
[-------------    36%                  ] 112533 of 310000 complete in 15.5 sec
[--------------   37%                  ] 116178 of 310000 complete in 16.0 sec
[--------------   38%                  ] 119826 of 310000 complete in 16.5 sec
[---------------  39%                  ] 123474 of 310000 complete in 17.0 sec
[---------------  41%                  ] 127122 of 310000 complete in 17.5 sec
[---------------- 42%                  ] 130769 of 310000 complete in 18.0 sec
[---------------- 43%                  ] 134508 of 310000 complete in 18.5 sec
[---------------- 44%                  ] 137994 of 310000 complete in 19.0 sec
[-----------------45%                  ] 141643 of 310000 complete in 19.5 sec
[-----------------46%                  ] 145273 of 310000 complete in 20.0 sec
[-----------------48%                  ] 148920 of 310000 complete in 20.5 sec
[-----------------49%                  ] 152556 of 310000 complete in 21.0 sec
[-----------------50%                  ] 156203 of 310000 complete in 21.5 sec
[-----------------51%                  ] 159665 of 310000 complete in 22.0 sec
[-----------------52%                  ] 163306 of 310000 complete in 22.5 sec
[-----------------53%                  ] 166931 of 310000 complete in 23.0 sec
[-----------------55%                  ] 170570 of 310000 complete in 23.5 sec
[-----------------56%-                 ] 174215 of 310000 complete in 24.0 sec
[-----------------57%-                 ] 177856 of 310000 complete in 24.5 sec
[-----------------58%--                ] 181504 of 310000 complete in 25/home/tnguye46/opt/anaconda/lib/python2.7/site-packages/matplotlib/collections.py:590: FutureWarning: elementwise comparison failed; returning scalar instead, but in the future will perform elementwise comparison
  if self._edgecolors == str('face'):
.0 sec
[-----------------59%--                ] 185145 of 310000 complete in 25.5 sec
[-----------------60%---               ] 188790 of 310000 complete in 26.0 sec
[-----------------62%---               ] 192434 of 310000 complete in 26.5 sec
[-----------------63%----              ] 196071 of 310000 complete in 27.0 sec
[-----------------64%----              ] 199810 of 310000 complete in 27.5 sec
[-----------------65%----              ] 203302 of 310000 complete in 28.0 sec
[-----------------66%-----             ] 206932 of 310000 complete in 28.5 sec
[-----------------67%-----             ] 210576 of 310000 complete in 29.0 sec
[-----------------69%------            ] 214203 of 310000 complete in 29.5 sec
[-----------------70%------            ] 217850 of 310000 complete in 30.0 sec
[-----------------71%-------           ] 221485 of 310000 complete in 30.5 sec
[-----------------72%-------           ] 225122 of 310000 complete in 31.0 sec
[-----------------73%--------          ] 228769 of 310000 complete in 31.5 sec
[-----------------74%--------          ] 232373 of 310000 complete in 32.0 sec
[-----------------76%--------          ] 235999 of 310000 complete in 32.5 sec
[-----------------77%---------         ] 239628 of 310000 complete in 33.0 sec
[-----------------78%---------         ] 243263 of 310000 complete in 33.5 sec
[-----------------79%----------        ] 246894 of 310000 complete in 34.0 sec
[-----------------80%----------        ] 250543 of 310000 complete in 34.5 sec
[-----------------81%-----------       ] 254186 of 310000 complete in 35.0 sec
[-----------------83%-----------       ] 257831 of 310000 complete in 35.5 sec
[-----------------84%------------      ] 261481 of 310000 complete in 36.0 sec
[-----------------85%------------      ] 265249 of 310000 complete in 36.5 sec
[-----------------86%------------      ] 268704 of 310000 complete in 37.0 sec
[-----------------87%-------------     ] 272354 of 310000 complete in 37.5 sec
[-----------------89%-------------     ] 275987 of 310000 complete in 38.0 sec
[-----------------90%--------------    ] 279644 of 310000 complete in 38.5 sec
[-----------------91%--------------    ] 283273 of 310000 complete in 39.0 sec
[-----------------92%---------------   ] 286919 of 310000 complete in 39.5 sec
[-----------------93%---------------   ] 290561 of 310000 complete in 40.0 sec
[-----------------94%----------------  ] 294196 of 310000 complete in 40.5 sec
[-----------------96%----------------  ] 297844 of 310000 complete in 41.0 sec
[-----------------97%----------------  ] 301495 of 310000 complete in 41.5 sec
[-----------------98%----------------- ] 305127 of 310000 complete in 42.0 sec
[-----------------99%----------------- ] 308769 of 310000 complete in 42.5 sec
[-----------------100%-----------------] 310000 of 310000 complete in 42.7 sec
Plotting DeltaH
Plotting P0
Plotting DeltaG


MCMC estimates:
DeltaH    (std) =        -2.33562 (        0.02245)
P0        (std) =         0.10398 (        0.00057)
DeltaG    (std) =        -9.07008 (        0.12366)
DONE
Fri Feb  9 00:37:42 CST 2018
