Fri Feb  9 00:38:46 CST 2018
variables ['DeltaG', 'DeltaH', 'P0']
Inputs:
DeltaH    (std) =        -2.23900 (        0.00968)
P0        (std) =         0.04850 (        0.00014)
DeltaG    (std) =        -8.81426 (        0.03690)
[                  1%                  ] 3665 of 310000 complete in 0.5 sec
[                  2%                  ] 7332 of 310000 complete in 1.0 sec
[-                 3%                  ] 11004 of 310000 complete in 1.5 sec
[-                 4%                  ] 14663 of 310000 complete in 2.0 sec
[--                5%                  ] 18320 of 310000 complete in 2.5 sec
[--                7%                  ] 21976 of 310000 complete in 3.0 sec
[---               8%                  ] 25637 of 310000 complete in 3.5 sec
[---               9%                  ] 29308 of 310000 complete in 4.0 sec
[----             10%                  ] 32965 of 310000 complete in 4.5 sec
[----             11%                  ] 36678 of 310000 complete in 5.0 sec
[----             12%                  ] 40206 of 310000 complete in 5.5 sec
[-----            14%                  ] 43851 of 310000 complete in 6.0 sec
[-----            15%                  ] 47501 of 310000 complete in 6.5 sec
[------           16%                  ] 51156 of 310000 complete in 7.0 sec
[------           17%                  ] 54812 of 310000 complete in 7.5 sec
[-------          18%                  ] 58467 of 310000 complete in 8.0 sec
[-------          20%                  ] 62117 of 310000 complete in 8.5 sec
[--------         21%                  ] 65774 of 310000 complete in 9.0 sec
[--------         22%                  ] 69433 of 310000 complete in 9.5 sec
[--------         23%                  ] 73087 of 310000 complete in 10.0 sec
[---------        24%                  ] 76743 of 310000 complete in 10.5 sec
[---------        25%                  ] 80413 of 310000 complete in 11.0 sec
[----------       27%                  ] 84073 of 310000 complete in 11.5 sec
[----------       28%                  ] 87728 of 310000 complete in 12.0 sec
[-----------      29%                  ] 91504 of 310000 complete in 12.5 sec
[-----------      30%                  ] 94968 of 310000 complete in 13.0 sec
[------------     31%                  ] 98610 of 310000 complete in 13.5 sec
[------------     32%                  ] 102257 of 310000 complete in 14.0 sec
[------------     34%                  ] 105908 of 310000 complete in 14.5 sec
[-------------    35%                  ] 109563 of 310000 complete in 15.0 sec
[-------------    36%                  ] 113217 of 310000 complete in 15.5 sec
[--------------   37%                  ] 116866 of 310000 complete in 16.0 sec
[--------------   38%                  ] 120527 of 310000 complete in 16.5 sec
[---------------  40%                  ] 124183 of 310000 complete in 17.0 sec
[---------------  41%                  ] 127835 of 310000 complete in 17.5 sec
[---------------- 42%                  ] 131512 of 310000 complete in 18.0 sec
[---------------- 43%                  ] 135166 of 310000 complete in 18.5 sec
[-----------------44%                  ] 138816 of 310000 complete in 19.0 sec
[-----------------45%                  ] 142513 of 310000 complete in 19.5 sec
[-----------------47%                  ] 146045 of 310000 complete in 20.0 sec
[-----------------48%                  ] 149697 of 310000 complete in 20.5 sec
[-----------------49%                  ] 153358 of 310000 complete in 21.0 sec
[-----------------50%                  ] 157002 of 310000 complete in 21.5 sec
[-----------------51%                  ] 160662 of 310000 complete in 22.0 sec
[-----------------53%                  ] 164313 of 310000 complete in 22.5 sec
[-----------------54%                  ] 167972 of 310000 complete in 23.0 sec
[-----------------55%-                 ] 171625 of 310000 complete in 23.5 sec
[-----------------56%-                 ] 175277 of 310000 complete in 24.0 sec
[-----------------57%-                 ] 178931 of 310000 complete in 24.5 sec
[-----------------58%--                ] 182595 of 310000 complete in 25/home/tnguye46/opt/anaconda/lib/python2.7/site-packages/matplotlib/collections.py:590: FutureWarning: elementwise comparison failed; returning scalar instead, but in the future will perform elementwise comparison
  if self._edgecolors == str('face'):
.0 sec
[-----------------60%--                ] 186263 of 310000 complete in 25.5 sec
[-----------------61%---               ] 189919 of 310000 complete in 26.0 sec
[-----------------62%---               ] 193576 of 310000 complete in 26.5 sec
[-----------------63%----              ] 197346 of 310000 complete in 27.0 sec
[-----------------64%----              ] 200821 of 310000 complete in 27.5 sec
[-----------------65%-----             ] 204480 of 310000 complete in 28.0 sec
[-----------------67%-----             ] 208137 of 310000 complete in 28.5 sec
[-----------------68%-----             ] 211787 of 310000 complete in 29.0 sec
[-----------------69%------            ] 215437 of 310000 complete in 29.5 sec
[-----------------70%------            ] 219090 of 310000 complete in 30.0 sec
[-----------------71%-------           ] 222751 of 310000 complete in 30.5 sec
[-----------------73%-------           ] 226424 of 310000 complete in 31.0 sec
[-----------------74%--------          ] 230081 of 310000 complete in 31.5 sec
[-----------------75%--------          ] 233742 of 310000 complete in 32.0 sec
[-----------------76%---------         ] 237413 of 310000 complete in 32.5 sec
[-----------------77%---------         ] 241066 of 310000 complete in 33.0 sec
[-----------------78%---------         ] 244703 of 310000 complete in 33.5 sec
[-----------------80%----------        ] 248393 of 310000 complete in 34.0 sec
[-----------------81%----------        ] 251970 of 310000 complete in 34.5 sec
[-----------------82%-----------       ] 255595 of 310000 complete in 35.0 sec
[-----------------83%-----------       ] 259255 of 310000 complete in 35.5 sec
[-----------------84%------------      ] 262898 of 310000 complete in 36.0 sec
[-----------------85%------------      ] 266552 of 310000 complete in 36.5 sec
[-----------------87%-------------     ] 270203 of 310000 complete in 37.0 sec
[-----------------88%-------------     ] 273853 of 310000 complete in 37.5 sec
[-----------------89%--------------    ] 277510 of 310000 complete in 38.0 sec
[-----------------90%--------------    ] 281166 of 310000 complete in 38.5 sec
[-----------------91%--------------    ] 284827 of 310000 complete in 39.0 sec
[-----------------93%---------------   ] 288490 of 310000 complete in 39.5 sec
[-----------------94%---------------   ] 292142 of 310000 complete in 40.0 sec
[-----------------95%----------------  ] 295797 of 310000 complete in 40.5 sec
[-----------------96%----------------  ] 299453 of 310000 complete in 41.0 sec
[-----------------97%----------------- ] 303197 of 310000 complete in 41.5 sec
[-----------------98%----------------- ] 306679 of 310000 complete in 42.0 sec
[-----------------100%-----------------] 310000 of 310000 complete in 42.5 sec
Plotting DeltaG
Plotting DeltaH
Plotting P0


MCMC estimates:
DeltaH    (std) =        -2.23910 (        0.00975)
P0        (std) =         0.04850 (        0.00014)
DeltaG    (std) =        -8.81383 (        0.03675)
DONE
Fri Feb  9 00:39:35 CST 2018
