Fri Feb  9 00:41:24 CST 2018
variables ['DeltaG', 'DeltaH', 'P0']
Inputs:
DeltaH    (std) =        -2.16000 (        0.00569)
P0        (std) =         0.04930 (        0.00008)
DeltaG    (std) =        -8.96702 (        0.02376)
[                  1%                  ] 3851 of 310000 complete in 0.5 sec
[                  2%                  ] 7708 of 310000 complete in 1.0 sec
[-                 3%                  ] 11556 of 310000 complete in 1.5 sec
[-                 4%                  ] 15401 of 310000 complete in 2.0 sec
[--                6%                  ] 19254 of 310000 complete in 2.5 sec
[--                7%                  ] 23099 of 310000 complete in 3.0 sec
[---               8%                  ] 26935 of 310000 complete in 3.5 sec
[---               9%                  ] 30776 of 310000 complete in 4.0 sec
[----             11%                  ] 34620 of 310000 complete in 4.5 sec
[----             12%                  ] 38474 of 310000 complete in 5.0 sec
[-----            13%                  ] 42311 of 310000 complete in 5.5 sec
[-----            14%                  ] 46147 of 310000 complete in 6.0 sec
[------           16%                  ] 49988 of 310000 complete in 6.5 sec
[------           17%                  ] 53816 of 310000 complete in 7.0 sec
[-------          18%                  ] 57652 of 310000 complete in 7.5 sec
[-------          19%                  ] 61502 of 310000 complete in 8.0 sec
[--------         21%                  ] 65344 of 310000 complete in 8.5 sec
[--------         22%                  ] 69184 of 310000 complete in 9.0 sec
[--------         23%                  ] 73026 of 310000 complete in 9.5 sec
[---------        24%                  ] 76866 of 310000 complete in 10.0 sec
[---------        26%                  ] 80720 of 310000 complete in 10.5 sec
[----------       27%                  ] 84280 of 310000 complete in 11.0 sec
[----------       28%                  ] 88122 of 310000 complete in 11.5 sec
[-----------      29%                  ] 91960 of 310000 complete in 12.0 sec
[-----------      30%                  ] 95800 of 310000 complete in 12.5 sec
[------------     32%                  ] 99656 of 310000 complete in 13.0 sec
[------------     33%                  ] 103497 of 310000 complete in 13.5 sec
[-------------    34%                  ] 107342 of 310000 complete in 14.0 sec
[-------------    35%                  ] 111183 of 310000 complete in 14.5 sec
[--------------   37%                  ] 115023 of 310000 complete in 15.0 sec
[--------------   38%                  ] 118879 of 310000 complete in 15.5 sec
[---------------  39%                  ] 122720 of 310000 complete in 16.0 sec
[---------------  40%                  ] 126555 of 310000 complete in 16.5 sec
[---------------  42%                  ] 130393 of 310000 complete in 17.0 sec
[---------------- 43%                  ] 134238 of 310000 complete in 17.5 sec
[---------------- 44%                  ] 138092 of 310000 complete in 18.0 sec
[-----------------45%                  ] 141931 of 310000 complete in 18.5 sec
[-----------------47%                  ] 145771 of 310000 complete in 19.0 sec
[-----------------48%                  ] 149613 of 310000 complete in 19.5 sec
[-----------------49%                  ] 153404 of 310000 complete in 20.0 sec
[-----------------50%                  ] 157237 of 310000 complete in 20.5 sec
[-----------------51%                  ] 160720 of 310000 complete in 21.0 sec
[-----------------52%                  ] 163603 of 310000 complete in 21.5 sec
[-----------------53%                  ] 166486 of 310000 complete in 22.0 sec
[-----------------54%                  ] 169369 of 310000 complete in 22.5 sec
[-----------------55%-                 ] 172249 of 310000 complete in 23.0 sec
[-----------------56%-                 ] 175134 of 310000 complete in 23.5 sec
[-----------------57%-                 ] 178021 of 310000 complete in 24.0 sec
[-----------------58%--                ] 180906 of 310000 complete in 24.5 sec
[-----------------59%--                ] 183795 of 310000 complete in 2/home/tnguye46/opt/anaconda/lib/python2.7/site-packages/matplotlib/collections.py:590: FutureWarning: elementwise comparison failed; returning scalar instead, but in the future will perform elementwise comparison
  if self._edgecolors == str('face'):
5.0 sec
[-----------------60%--                ] 186678 of 310000 complete in 25.5 sec
[-----------------61%---               ] 189561 of 310000 complete in 26.0 sec
[-----------------62%---               ] 192443 of 310000 complete in 26.5 sec
[-----------------63%---               ] 195327 of 310000 complete in 27.0 sec
[-----------------63%----              ] 198215 of 310000 complete in 27.5 sec
[-----------------64%----              ] 201097 of 310000 complete in 28.0 sec
[-----------------65%-----             ] 203983 of 310000 complete in 28.5 sec
[-----------------66%-----             ] 206867 of 310000 complete in 29.0 sec
[-----------------67%-----             ] 209751 of 310000 complete in 29.5 sec
[-----------------68%------            ] 212641 of 310000 complete in 30.0 sec
[-----------------69%------            ] 215522 of 310000 complete in 30.5 sec
[-----------------70%------            ] 218408 of 310000 complete in 31.0 sec
[-----------------71%-------           ] 221291 of 310000 complete in 31.5 sec
[-----------------72%-------           ] 224176 of 310000 complete in 32.0 sec
[-----------------73%-------           ] 227062 of 310000 complete in 32.5 sec
[-----------------74%--------          ] 229948 of 310000 complete in 33.0 sec
[-----------------75%--------          ] 232833 of 310000 complete in 33.5 sec
[-----------------76%--------          ] 235718 of 310000 complete in 34.0 sec
[-----------------76%---------         ] 238600 of 310000 complete in 34.5 sec
[-----------------77%---------         ] 241485 of 310000 complete in 35.0 sec
[-----------------78%---------         ] 244372 of 310000 complete in 35.5 sec
[-----------------79%----------        ] 247259 of 310000 complete in 36.0 sec
[-----------------80%----------        ] 250144 of 310000 complete in 36.5 sec
[-----------------81%-----------       ] 253028 of 310000 complete in 37.0 sec
[-----------------82%-----------       ] 255912 of 310000 complete in 37.5 sec
[-----------------83%-----------       ] 258799 of 310000 complete in 38.0 sec
[-----------------84%------------      ] 261682 of 310000 complete in 38.5 sec
[-----------------85%------------      ] 264568 of 310000 complete in 39.0 sec
[-----------------86%------------      ] 267451 of 310000 complete in 39.5 sec
[-----------------87%-------------     ] 270335 of 310000 complete in 40.0 sec
[-----------------88%-------------     ] 273217 of 310000 complete in 40.5 sec
[-----------------89%-------------     ] 276103 of 310000 complete in 41.0 sec
[-----------------89%--------------    ] 278987 of 310000 complete in 41.5 sec
[-----------------90%--------------    ] 281874 of 310000 complete in 42.0 sec
[-----------------91%--------------    ] 284757 of 310000 complete in 42.5 sec
[-----------------92%---------------   ] 287640 of 310000 complete in 43.0 sec
[-----------------93%---------------   ] 290527 of 310000 complete in 43.5 sec
[-----------------94%---------------   ] 293411 of 310000 complete in 44.0 sec
[-----------------95%----------------  ] 296294 of 310000 complete in 44.5 sec
[-----------------96%----------------  ] 299182 of 310000 complete in 45.0 sec
[-----------------97%----------------- ] 302064 of 310000 complete in 45.5 sec
[-----------------98%----------------- ] 304949 of 310000 complete in 46.0 sec
[-----------------99%----------------- ] 307831 of 310000 complete in 46.5 sec
[-----------------100%-----------------] 310000 of 310000 complete in 46.9 sec
Plotting DeltaG
Plotting DeltaH
Plotting P0


MCMC estimates:
DeltaH    (std) =        -2.15998 (        0.00563)
P0        (std) =         0.04930 (        0.00008)
DeltaG    (std) =        -8.96734 (        0.02411)
DONE
Fri Feb  9 00:42:18 CST 2018
